{"C:\\Users\\Ryan\\USA_roundnet\\community_web_project\\backend\\index.js": {"path":"C:\\Users\\Ryan\\USA_roundnet\\community_web_project\\backend\\index.js","statementMap":{"0":{"start":{"line":1,"column":16},"end":{"line":1,"column":34}},"1":{"start":{"line":2,"column":13},"end":{"line":2,"column":28}},"2":{"start":{"line":3,"column":15},"end":{"line":3,"column":32}},"3":{"start":{"line":4,"column":0},"end":{"line":4,"column":27}},"4":{"start":{"line":5,"column":18},"end":{"line":5,"column":47}},"5":{"start":{"line":6,"column":24},"end":{"line":6,"column":44}},"6":{"start":{"line":8,"column":12},"end":{"line":8,"column":21}},"7":{"start":{"line":11,"column":0},"end":{"line":11,"column":16}},"8":{"start":{"line":12,"column":0},"end":{"line":12,"column":23}},"9":{"start":{"line":13,"column":0},"end":{"line":13,"column":24}},"10":{"start":{"line":16,"column":0},"end":{"line":16,"column":72}},"11":{"start":{"line":19,"column":0},"end":{"line":19,"column":54}},"12":{"start":{"line":20,"column":0},"end":{"line":20,"column":70}},"13":{"start":{"line":21,"column":0},"end":{"line":21,"column":78}},"14":{"start":{"line":22,"column":0},"end":{"line":22,"column":54}},"15":{"start":{"line":23,"column":0},"end":{"line":23,"column":62}},"16":{"start":{"line":24,"column":0},"end":{"line":24,"column":66}},"17":{"start":{"line":25,"column":0},"end":{"line":25,"column":53}},"18":{"start":{"line":28,"column":0},"end":{"line":30,"column":3}},"19":{"start":{"line":29,"column":2},"end":{"line":29,"column":55}},"20":{"start":{"line":33,"column":0},"end":{"line":38,"column":3}},"21":{"start":{"line":34,"column":2},"end":{"line":34,"column":29}},"22":{"start":{"line":35,"column":2},"end":{"line":37,"column":63}},"23":{"start":{"line":40,"column":13},"end":{"line":40,"column":17}},"24":{"start":{"line":42,"column":20},"end":{"line":61,"column":1}},"25":{"start":{"line":43,"column":2},"end":{"line":59,"column":3}},"26":{"start":{"line":44,"column":4},"end":{"line":58,"column":5}},"27":{"start":{"line":46,"column":6},"end":{"line":48,"column":9}},"28":{"start":{"line":47,"column":8},"end":{"line":47,"column":76}},"29":{"start":{"line":51,"column":19},"end":{"line":51,"column":43}},"30":{"start":{"line":52,"column":6},"end":{"line":57,"column":9}},"31":{"start":{"line":53,"column":8},"end":{"line":53,"column":54}},"32":{"start":{"line":54,"column":8},"end":{"line":56,"column":10}},"33":{"start":{"line":60,"column":2},"end":{"line":60,"column":16}},"34":{"start":{"line":63,"column":19},"end":{"line":68,"column":1}},"35":{"start":{"line":64,"column":2},"end":{"line":67,"column":3}},"36":{"start":{"line":65,"column":4},"end":{"line":65,"column":23}},"37":{"start":{"line":66,"column":4},"end":{"line":66,"column":18}},"38":{"start":{"line":70,"column":0},"end":{"line":70,"column":50}}},"fnMap":{"0":{"name":"(anonymous_0)","decl":{"start":{"line":28,"column":8},"end":{"line":28,"column":9}},"loc":{"start":{"line":28,"column":22},"end":{"line":30,"column":1}},"line":28},"1":{"name":"(anonymous_1)","decl":{"start":{"line":33,"column":8},"end":{"line":33,"column":9}},"loc":{"start":{"line":33,"column":33},"end":{"line":38,"column":1}},"line":33},"2":{"name":"(anonymous_2)","decl":{"start":{"line":42,"column":20},"end":{"line":42,"column":21}},"loc":{"start":{"line":42,"column":26},"end":{"line":61,"column":1}},"line":42},"3":{"name":"(anonymous_3)","decl":{"start":{"line":46,"column":29},"end":{"line":46,"column":30}},"loc":{"start":{"line":46,"column":35},"end":{"line":48,"column":7}},"line":46},"4":{"name":"(anonymous_4)","decl":{"start":{"line":52,"column":32},"end":{"line":52,"column":33}},"loc":{"start":{"line":52,"column":38},"end":{"line":57,"column":7}},"line":52},"5":{"name":"(anonymous_5)","decl":{"start":{"line":63,"column":19},"end":{"line":63,"column":20}},"loc":{"start":{"line":63,"column":29},"end":{"line":68,"column":1}},"line":63}},"branchMap":{"0":{"loc":{"start":{"line":36,"column":12},"end":{"line":36,"column":29}},"type":"binary-expr","locations":[{"start":{"line":36,"column":12},"end":{"line":36,"column":22}},{"start":{"line":36,"column":26},"end":{"line":36,"column":29}}],"line":36},"1":{"loc":{"start":{"line":37,"column":21},"end":{"line":37,"column":59}},"type":"binary-expr","locations":[{"start":{"line":37,"column":21},"end":{"line":37,"column":32}},{"start":{"line":37,"column":36},"end":{"line":37,"column":59}}],"line":37},"2":{"loc":{"start":{"line":43,"column":2},"end":{"line":59,"column":3}},"type":"if","locations":[{"start":{"line":43,"column":2},"end":{"line":59,"column":3}},{"start":{},"end":{}}],"line":43},"3":{"loc":{"start":{"line":44,"column":4},"end":{"line":58,"column":5}},"type":"if","locations":[{"start":{"line":44,"column":4},"end":{"line":58,"column":5}},{"start":{"line":49,"column":11},"end":{"line":58,"column":5}}],"line":44},"4":{"loc":{"start":{"line":51,"column":19},"end":{"line":51,"column":43}},"type":"binary-expr","locations":[{"start":{"line":51,"column":19},"end":{"line":51,"column":35}},{"start":{"line":51,"column":39},"end":{"line":51,"column":43}}],"line":51},"5":{"loc":{"start":{"line":64,"column":2},"end":{"line":67,"column":3}},"type":"if","locations":[{"start":{"line":64,"column":2},"end":{"line":67,"column":3}},{"start":{},"end":{}}],"line":64}},"s":{"0":5,"1":5,"2":5,"3":5,"4":5,"5":5,"6":5,"7":5,"8":5,"9":5,"10":5,"11":5,"12":5,"13":5,"14":5,"15":5,"16":5,"17":5,"18":5,"19":0,"20":5,"21":0,"22":0,"23":5,"24":5,"25":5,"26":5,"27":5,"28":5,"29":0,"30":0,"31":0,"32":0,"33":5,"34":5,"35":5,"36":5,"37":5,"38":5},"f":{"0":0,"1":0,"2":5,"3":5,"4":0,"5":5},"b":{"0":[0,0],"1":[0,0],"2":[5,0],"3":[5,0],"4":[0,0],"5":[5,0]},"_coverageSchema":"1a1c01bbd47fc00a2c39e90264f33305004495a9","hash":"2700d1af04f4d66d68ebcc38e99776bc22716e70"}
,"C:\\Users\\Ryan\\USA_roundnet\\community_web_project\\backend\\knex-config.js": {"path":"C:\\Users\\Ryan\\USA_roundnet\\community_web_project\\backend\\knex-config.js","statementMap":{"0":{"start":{"line":1,"column":0},"end":{"line":1,"column":27}},"1":{"start":{"line":2,"column":13},"end":{"line":2,"column":28}},"2":{"start":{"line":3,"column":19},"end":{"line":3,"column":40}},"3":{"start":{"line":5,"column":20},"end":{"line":5,"column":57}},"4":{"start":{"line":6,"column":11},"end":{"line":6,"column":40}},"5":{"start":{"line":12,"column":0},"end":{"line":15,"column":1}},"6":{"start":{"line":13,"column":2},"end":{"line":13,"column":71}},"7":{"start":{"line":14,"column":2},"end":{"line":14,"column":18}},"8":{"start":{"line":17,"column":0},"end":{"line":17,"column":20}}},"fnMap":{},"branchMap":{"0":{"loc":{"start":{"line":5,"column":20},"end":{"line":5,"column":57}},"type":"binary-expr","locations":[{"start":{"line":5,"column":20},"end":{"line":5,"column":40}},{"start":{"line":5,"column":44},"end":{"line":5,"column":57}}],"line":5},"1":{"loc":{"start":{"line":12,"column":0},"end":{"line":15,"column":1}},"type":"if","locations":[{"start":{"line":12,"column":0},"end":{"line":15,"column":1}},{"start":{},"end":{}}],"line":12}},"s":{"0":5,"1":5,"2":5,"3":5,"4":5,"5":5,"6":0,"7":0,"8":5},"f":{},"b":{"0":[5,0],"1":[0,5]},"_coverageSchema":"1a1c01bbd47fc00a2c39e90264f33305004495a9","hash":"407d455b03ebaf70aec0cdd11fac9df694ef147e"}
,"C:\\Users\\Ryan\\USA_roundnet\\community_web_project\\backend\\knexfile.js": {"path":"C:\\Users\\Ryan\\USA_roundnet\\community_web_project\\backend\\knexfile.js","statementMap":{"0":{"start":{"line":1,"column":0},"end":{"line":1,"column":27}},"1":{"start":{"line":6,"column":0},"end":{"line":72,"column":2}}},"fnMap":{},"branchMap":{"0":{"loc":{"start":{"line":10,"column":12},"end":{"line":10,"column":46}},"type":"binary-expr","locations":[{"start":{"line":10,"column":12},"end":{"line":10,"column":31}},{"start":{"line":10,"column":35},"end":{"line":10,"column":46}}],"line":10},"1":{"loc":{"start":{"line":11,"column":12},"end":{"line":11,"column":41}},"type":"binary-expr","locations":[{"start":{"line":11,"column":12},"end":{"line":11,"column":31}},{"start":{"line":11,"column":35},"end":{"line":11,"column":41}}],"line":11},"2":{"loc":{"start":{"line":12,"column":16},"end":{"line":12,"column":45}},"type":"binary-expr","locations":[{"start":{"line":12,"column":16},"end":{"line":12,"column":39}},{"start":{"line":12,"column":43},"end":{"line":12,"column":45}}],"line":12},"3":{"loc":{"start":{"line":13,"column":16},"end":{"line":13,"column":62}},"type":"binary-expr","locations":[{"start":{"line":13,"column":16},"end":{"line":13,"column":35}},{"start":{"line":13,"column":39},"end":{"line":13,"column":62}}],"line":13},"4":{"loc":{"start":{"line":14,"column":12},"end":{"line":14,"column":39}},"type":"binary-expr","locations":[{"start":{"line":14,"column":12},"end":{"line":14,"column":31}},{"start":{"line":14,"column":35},"end":{"line":14,"column":39}}],"line":14},"5":{"loc":{"start":{"line":24,"column":12},"end":{"line":24,"column":51}},"type":"binary-expr","locations":[{"start":{"line":24,"column":12},"end":{"line":24,"column":36}},{"start":{"line":24,"column":40},"end":{"line":24,"column":51}}],"line":24},"6":{"loc":{"start":{"line":25,"column":12},"end":{"line":25,"column":46}},"type":"binary-expr","locations":[{"start":{"line":25,"column":12},"end":{"line":25,"column":36}},{"start":{"line":25,"column":40},"end":{"line":25,"column":46}}],"line":25},"7":{"loc":{"start":{"line":26,"column":16},"end":{"line":26,"column":50}},"type":"binary-expr","locations":[{"start":{"line":26,"column":16},"end":{"line":26,"column":44}},{"start":{"line":26,"column":48},"end":{"line":26,"column":50}}],"line":26},"8":{"loc":{"start":{"line":27,"column":16},"end":{"line":27,"column":72}},"type":"binary-expr","locations":[{"start":{"line":27,"column":16},"end":{"line":27,"column":40}},{"start":{"line":27,"column":44},"end":{"line":27,"column":72}}],"line":27},"9":{"loc":{"start":{"line":28,"column":12},"end":{"line":28,"column":44}},"type":"binary-expr","locations":[{"start":{"line":28,"column":12},"end":{"line":28,"column":36}},{"start":{"line":28,"column":40},"end":{"line":28,"column":44}}],"line":28},"10":{"loc":{"start":{"line":38,"column":12},"end":{"line":38,"column":54}},"type":"binary-expr","locations":[{"start":{"line":38,"column":12},"end":{"line":38,"column":39}},{"start":{"line":38,"column":43},"end":{"line":38,"column":54}}],"line":38},"11":{"loc":{"start":{"line":39,"column":16},"end":{"line":39,"column":54}},"type":"binary-expr","locations":[{"start":{"line":39,"column":16},"end":{"line":39,"column":43}},{"start":{"line":39,"column":47},"end":{"line":39,"column":54}}],"line":39},"12":{"loc":{"start":{"line":40,"column":12},"end":{"line":40,"column":53}},"type":"binary-expr","locations":[{"start":{"line":40,"column":12},"end":{"line":40,"column":39}},{"start":{"line":40,"column":43},"end":{"line":40,"column":53}}],"line":40},"13":{"loc":{"start":{"line":41,"column":16},"end":{"line":41,"column":61}},"type":"binary-expr","locations":[{"start":{"line":41,"column":16},"end":{"line":41,"column":47}},{"start":{"line":41,"column":51},"end":{"line":41,"column":61}}],"line":41},"14":{"loc":{"start":{"line":42,"column":12},"end":{"line":42,"column":47}},"type":"binary-expr","locations":[{"start":{"line":42,"column":12},"end":{"line":42,"column":39}},{"start":{"line":42,"column":43},"end":{"line":42,"column":47}}],"line":42},"15":{"loc":{"start":{"line":57,"column":12},"end":{"line":57,"column":51}},"type":"binary-expr","locations":[{"start":{"line":57,"column":12},"end":{"line":57,"column":36}},{"start":{"line":57,"column":40},"end":{"line":57,"column":51}}],"line":57},"16":{"loc":{"start":{"line":58,"column":16},"end":{"line":58,"column":51}},"type":"binary-expr","locations":[{"start":{"line":58,"column":16},"end":{"line":58,"column":40}},{"start":{"line":58,"column":44},"end":{"line":58,"column":51}}],"line":58},"17":{"loc":{"start":{"line":59,"column":12},"end":{"line":59,"column":50}},"type":"binary-expr","locations":[{"start":{"line":59,"column":12},"end":{"line":59,"column":36}},{"start":{"line":59,"column":40},"end":{"line":59,"column":50}}],"line":59},"18":{"loc":{"start":{"line":60,"column":16},"end":{"line":60,"column":58}},"type":"binary-expr","locations":[{"start":{"line":60,"column":16},"end":{"line":60,"column":44}},{"start":{"line":60,"column":48},"end":{"line":60,"column":58}}],"line":60},"19":{"loc":{"start":{"line":61,"column":12},"end":{"line":61,"column":44}},"type":"binary-expr","locations":[{"start":{"line":61,"column":12},"end":{"line":61,"column":36}},{"start":{"line":61,"column":40},"end":{"line":61,"column":44}}],"line":61}},"s":{"0":5,"1":5},"f":{},"b":{"0":[5,0],"1":[5,0],"2":[5,0],"3":[5,0],"4":[5,0],"5":[5,0],"6":[5,0],"7":[5,0],"8":[5,0],"9":[5,0],"10":[5,0],"11":[5,0],"12":[5,0],"13":[5,0],"14":[5,0],"15":[5,0],"16":[5,0],"17":[5,0],"18":[5,0],"19":[5,0]},"_coverageSchema":"1a1c01bbd47fc00a2c39e90264f33305004495a9","hash":"78ed219a5470c79d189f73f23fb954ded12960d3"}
,"C:\\Users\\Ryan\\USA_roundnet\\community_web_project\\backend\\swagger.js": {"path":"C:\\Users\\Ryan\\USA_roundnet\\community_web_project\\backend\\swagger.js","statementMap":{"0":{"start":{"line":1,"column":0},"end":{"line":309,"column":2}}},"fnMap":{},"branchMap":{},"s":{"0":5},"f":{},"b":{},"_coverageSchema":"1a1c01bbd47fc00a2c39e90264f33305004495a9","hash":"3d121fb6a1ba746f1eb63c04aca9bd4599c94cc7"}
,"C:\\Users\\Ryan\\USA_roundnet\\community_web_project\\backend\\controllers\\authController.js": {"path":"C:\\Users\\Ryan\\USA_roundnet\\community_web_project\\backend\\controllers\\authController.js","statementMap":{"0":{"start":{"line":1,"column":20},"end":{"line":1,"column":54}},"1":{"start":{"line":4,"column":21},"end":{"line":14,"column":1}},"2":{"start":{"line":5,"column":2},"end":{"line":13,"column":3}},"3":{"start":{"line":6,"column":20},"end":{"line":6,"column":60}},"4":{"start":{"line":7,"column":4},"end":{"line":7,"column":34}},"5":{"start":{"line":9,"column":4},"end":{"line":9,"column":59}},"6":{"start":{"line":10,"column":4},"end":{"line":12,"column":76}},"7":{"start":{"line":17,"column":18},"end":{"line":30,"column":1}},"8":{"start":{"line":18,"column":2},"end":{"line":29,"column":3}},"9":{"start":{"line":19,"column":18},"end":{"line":19,"column":55}},"10":{"start":{"line":20,"column":4},"end":{"line":20,"column":36}},"11":{"start":{"line":22,"column":4},"end":{"line":28,"column":5}},"12":{"start":{"line":23,"column":6},"end":{"line":23,"column":55}},"13":{"start":{"line":25,"column":6},"end":{"line":27,"column":71}},"14":{"start":{"line":32,"column":0},"end":{"line":35,"column":2}}},"fnMap":{"0":{"name":"(anonymous_0)","decl":{"start":{"line":4,"column":21},"end":{"line":4,"column":22}},"loc":{"start":{"line":4,"column":41},"end":{"line":14,"column":1}},"line":4},"1":{"name":"(anonymous_1)","decl":{"start":{"line":17,"column":18},"end":{"line":17,"column":19}},"loc":{"start":{"line":17,"column":38},"end":{"line":30,"column":1}},"line":17}},"branchMap":{"0":{"loc":{"start":{"line":22,"column":4},"end":{"line":28,"column":5}},"type":"if","locations":[{"start":{"line":22,"column":4},"end":{"line":28,"column":5}},{"start":{"line":24,"column":11},"end":{"line":28,"column":5}}],"line":22}},"s":{"0":5,"1":5,"2":5,"3":5,"4":5,"5":0,"6":0,"7":5,"8":10,"9":10,"10":8,"11":2,"12":2,"13":0,"14":5},"f":{"0":5,"1":10},"b":{"0":[2,0]},"_coverageSchema":"1a1c01bbd47fc00a2c39e90264f33305004495a9","hash":"e099ca2a67002cc9e4f0834771a0e22004eba2f5"}
,"C:\\Users\\Ryan\\USA_roundnet\\community_web_project\\backend\\controllers\\organizationController.js": {"path":"C:\\Users\\Ryan\\USA_roundnet\\community_web_project\\backend\\controllers\\organizationController.js","statementMap":{"0":{"start":{"line":1,"column":28},"end":{"line":1,"column":70}},"1":{"start":{"line":3,"column":28},"end":{"line":13,"column":1}},"2":{"start":{"line":4,"column":2},"end":{"line":12,"column":3}},"3":{"start":{"line":5,"column":26},"end":{"line":5,"column":73}},"4":{"start":{"line":6,"column":4},"end":{"line":6,"column":40}},"5":{"start":{"line":8,"column":4},"end":{"line":11,"column":7}},"6":{"start":{"line":15,"column":28},"end":{"line":31,"column":1}},"7":{"start":{"line":16,"column":2},"end":{"line":30,"column":3}},"8":{"start":{"line":17,"column":25},"end":{"line":19,"column":5}},"9":{"start":{"line":20,"column":4},"end":{"line":24,"column":5}},"10":{"start":{"line":21,"column":6},"end":{"line":21,"column":41}},"11":{"start":{"line":23,"column":6},"end":{"line":23,"column":66}},"12":{"start":{"line":26,"column":4},"end":{"line":29,"column":7}},"13":{"start":{"line":33,"column":27},"end":{"line":52,"column":1}},"14":{"start":{"line":34,"column":29},"end":{"line":34,"column":37}},"15":{"start":{"line":37,"column":2},"end":{"line":39,"column":3}},"16":{"start":{"line":38,"column":4},"end":{"line":38,"column":66}},"17":{"start":{"line":41,"column":2},"end":{"line":51,"column":3}},"18":{"start":{"line":42,"column":28},"end":{"line":44,"column":5}},"19":{"start":{"line":45,"column":4},"end":{"line":45,"column":42}},"20":{"start":{"line":47,"column":4},"end":{"line":50,"column":7}},"21":{"start":{"line":54,"column":27},"end":{"line":71,"column":1}},"22":{"start":{"line":55,"column":2},"end":{"line":70,"column":3}},"23":{"start":{"line":56,"column":32},"end":{"line":59,"column":5}},"24":{"start":{"line":60,"column":4},"end":{"line":64,"column":5}},"25":{"start":{"line":61,"column":6},"end":{"line":61,"column":48}},"26":{"start":{"line":63,"column":6},"end":{"line":63,"column":66}},"27":{"start":{"line":66,"column":4},"end":{"line":69,"column":7}},"28":{"start":{"line":73,"column":27},"end":{"line":87,"column":1}},"29":{"start":{"line":74,"column":2},"end":{"line":86,"column":3}},"30":{"start":{"line":75,"column":20},"end":{"line":75,"column":79}},"31":{"start":{"line":76,"column":4},"end":{"line":80,"column":5}},"32":{"start":{"line":77,"column":6},"end":{"line":77,"column":77}},"33":{"start":{"line":79,"column":6},"end":{"line":79,"column":66}},"34":{"start":{"line":82,"column":4},"end":{"line":85,"column":7}},"35":{"start":{"line":89,"column":0},"end":{"line":95,"column":2}}},"fnMap":{"0":{"name":"(anonymous_0)","decl":{"start":{"line":3,"column":28},"end":{"line":3,"column":29}},"loc":{"start":{"line":3,"column":48},"end":{"line":13,"column":1}},"line":3},"1":{"name":"(anonymous_1)","decl":{"start":{"line":15,"column":28},"end":{"line":15,"column":29}},"loc":{"start":{"line":15,"column":48},"end":{"line":31,"column":1}},"line":15},"2":{"name":"(anonymous_2)","decl":{"start":{"line":33,"column":27},"end":{"line":33,"column":28}},"loc":{"start":{"line":33,"column":47},"end":{"line":52,"column":1}},"line":33},"3":{"name":"(anonymous_3)","decl":{"start":{"line":54,"column":27},"end":{"line":54,"column":28}},"loc":{"start":{"line":54,"column":47},"end":{"line":71,"column":1}},"line":54},"4":{"name":"(anonymous_4)","decl":{"start":{"line":73,"column":27},"end":{"line":73,"column":28}},"loc":{"start":{"line":73,"column":47},"end":{"line":87,"column":1}},"line":73}},"branchMap":{"0":{"loc":{"start":{"line":20,"column":4},"end":{"line":24,"column":5}},"type":"if","locations":[{"start":{"line":20,"column":4},"end":{"line":24,"column":5}},{"start":{"line":22,"column":11},"end":{"line":24,"column":5}}],"line":20},"1":{"loc":{"start":{"line":37,"column":2},"end":{"line":39,"column":3}},"type":"if","locations":[{"start":{"line":37,"column":2},"end":{"line":39,"column":3}},{"start":{},"end":{}}],"line":37},"2":{"loc":{"start":{"line":37,"column":6},"end":{"line":37,"column":24}},"type":"binary-expr","locations":[{"start":{"line":37,"column":6},"end":{"line":37,"column":11}},{"start":{"line":37,"column":15},"end":{"line":37,"column":24}}],"line":37},"3":{"loc":{"start":{"line":60,"column":4},"end":{"line":64,"column":5}},"type":"if","locations":[{"start":{"line":60,"column":4},"end":{"line":64,"column":5}},{"start":{"line":62,"column":11},"end":{"line":64,"column":5}}],"line":60},"4":{"loc":{"start":{"line":76,"column":4},"end":{"line":80,"column":5}},"type":"if","locations":[{"start":{"line":76,"column":4},"end":{"line":80,"column":5}},{"start":{"line":78,"column":11},"end":{"line":80,"column":5}}],"line":76}},"s":{"0":5,"1":5,"2":1,"3":1,"4":1,"5":0,"6":5,"7":2,"8":2,"9":2,"10":1,"11":1,"12":0,"13":5,"14":1,"15":1,"16":0,"17":1,"18":1,"19":1,"20":0,"21":5,"22":1,"23":1,"24":1,"25":1,"26":0,"27":0,"28":5,"29":1,"30":1,"31":1,"32":1,"33":0,"34":0,"35":5},"f":{"0":1,"1":2,"2":1,"3":1,"4":1},"b":{"0":[1,1],"1":[0,1],"2":[1,1],"3":[1,0],"4":[1,0]},"_coverageSchema":"1a1c01bbd47fc00a2c39e90264f33305004495a9","hash":"392bc7989c320402d1f3b04bc686a6ca5f9f0147"}
,"C:\\Users\\Ryan\\USA_roundnet\\community_web_project\\backend\\controllers\\teamController.js": {"path":"C:\\Users\\Ryan\\USA_roundnet\\community_web_project\\backend\\controllers\\teamController.js","statementMap":{"0":{"start":{"line":1,"column":20},"end":{"line":1,"column":54}},"1":{"start":{"line":3,"column":20},"end":{"line":12,"column":1}},"2":{"start":{"line":4,"column":2},"end":{"line":11,"column":3}},"3":{"start":{"line":5,"column":18},"end":{"line":5,"column":49}},"4":{"start":{"line":6,"column":4},"end":{"line":6,"column":32}},"5":{"start":{"line":8,"column":4},"end":{"line":10,"column":74}},"6":{"start":{"line":14,"column":20},"end":{"line":27,"column":1}},"7":{"start":{"line":15,"column":2},"end":{"line":26,"column":3}},"8":{"start":{"line":16,"column":17},"end":{"line":16,"column":61}},"9":{"start":{"line":17,"column":4},"end":{"line":21,"column":5}},"10":{"start":{"line":18,"column":6},"end":{"line":18,"column":33}},"11":{"start":{"line":20,"column":6},"end":{"line":20,"column":58}},"12":{"start":{"line":23,"column":4},"end":{"line":25,"column":73}},"13":{"start":{"line":29,"column":19},"end":{"line":38,"column":1}},"14":{"start":{"line":30,"column":2},"end":{"line":37,"column":3}},"15":{"start":{"line":31,"column":20},"end":{"line":31,"column":58}},"16":{"start":{"line":32,"column":4},"end":{"line":32,"column":34}},"17":{"start":{"line":34,"column":4},"end":{"line":36,"column":74}},"18":{"start":{"line":40,"column":19},"end":{"line":53,"column":1}},"19":{"start":{"line":41,"column":2},"end":{"line":52,"column":3}},"20":{"start":{"line":42,"column":24},"end":{"line":42,"column":77}},"21":{"start":{"line":43,"column":4},"end":{"line":47,"column":5}},"22":{"start":{"line":44,"column":6},"end":{"line":44,"column":40}},"23":{"start":{"line":46,"column":6},"end":{"line":46,"column":58}},"24":{"start":{"line":49,"column":4},"end":{"line":51,"column":74}},"25":{"start":{"line":55,"column":19},"end":{"line":68,"column":1}},"26":{"start":{"line":56,"column":2},"end":{"line":67,"column":3}},"27":{"start":{"line":57,"column":20},"end":{"line":57,"column":63}},"28":{"start":{"line":58,"column":4},"end":{"line":62,"column":5}},"29":{"start":{"line":59,"column":6},"end":{"line":59,"column":69}},"30":{"start":{"line":61,"column":6},"end":{"line":61,"column":58}},"31":{"start":{"line":64,"column":4},"end":{"line":66,"column":74}},"32":{"start":{"line":70,"column":0},"end":{"line":76,"column":2}}},"fnMap":{"0":{"name":"(anonymous_0)","decl":{"start":{"line":3,"column":20},"end":{"line":3,"column":21}},"loc":{"start":{"line":3,"column":40},"end":{"line":12,"column":1}},"line":3},"1":{"name":"(anonymous_1)","decl":{"start":{"line":14,"column":20},"end":{"line":14,"column":21}},"loc":{"start":{"line":14,"column":40},"end":{"line":27,"column":1}},"line":14},"2":{"name":"(anonymous_2)","decl":{"start":{"line":29,"column":19},"end":{"line":29,"column":20}},"loc":{"start":{"line":29,"column":39},"end":{"line":38,"column":1}},"line":29},"3":{"name":"(anonymous_3)","decl":{"start":{"line":40,"column":19},"end":{"line":40,"column":20}},"loc":{"start":{"line":40,"column":39},"end":{"line":53,"column":1}},"line":40},"4":{"name":"(anonymous_4)","decl":{"start":{"line":55,"column":19},"end":{"line":55,"column":20}},"loc":{"start":{"line":55,"column":39},"end":{"line":68,"column":1}},"line":55}},"branchMap":{"0":{"loc":{"start":{"line":17,"column":4},"end":{"line":21,"column":5}},"type":"if","locations":[{"start":{"line":17,"column":4},"end":{"line":21,"column":5}},{"start":{"line":19,"column":11},"end":{"line":21,"column":5}}],"line":17},"1":{"loc":{"start":{"line":43,"column":4},"end":{"line":47,"column":5}},"type":"if","locations":[{"start":{"line":43,"column":4},"end":{"line":47,"column":5}},{"start":{"line":45,"column":11},"end":{"line":47,"column":5}}],"line":43},"2":{"loc":{"start":{"line":58,"column":4},"end":{"line":62,"column":5}},"type":"if","locations":[{"start":{"line":58,"column":4},"end":{"line":62,"column":5}},{"start":{"line":60,"column":11},"end":{"line":62,"column":5}}],"line":58}},"s":{"0":5,"1":5,"2":1,"3":1,"4":1,"5":0,"6":5,"7":0,"8":0,"9":0,"10":0,"11":0,"12":0,"13":5,"14":1,"15":1,"16":1,"17":0,"18":5,"19":0,"20":0,"21":0,"22":0,"23":0,"24":0,"25":5,"26":1,"27":1,"28":1,"29":1,"30":0,"31":0,"32":5},"f":{"0":1,"1":0,"2":1,"3":0,"4":1},"b":{"0":[0,0],"1":[0,0],"2":[1,0]},"_coverageSchema":"1a1c01bbd47fc00a2c39e90264f33305004495a9","hash":"a690cca51d3a6f1c120ecd41e4f06de2a40188b7"}
,"C:\\Users\\Ryan\\USA_roundnet\\community_web_project\\backend\\controllers\\tournamentController.js": {"path":"C:\\Users\\Ryan\\USA_roundnet\\community_web_project\\backend\\controllers\\tournamentController.js","statementMap":{"0":{"start":{"line":1,"column":26},"end":{"line":1,"column":66}},"1":{"start":{"line":3,"column":26},"end":{"line":12,"column":1}},"2":{"start":{"line":4,"column":2},"end":{"line":11,"column":3}},"3":{"start":{"line":5,"column":24},"end":{"line":5,"column":67}},"4":{"start":{"line":6,"column":4},"end":{"line":6,"column":38}},"5":{"start":{"line":8,"column":4},"end":{"line":10,"column":80}},"6":{"start":{"line":14,"column":26},"end":{"line":27,"column":1}},"7":{"start":{"line":15,"column":2},"end":{"line":26,"column":3}},"8":{"start":{"line":16,"column":23},"end":{"line":16,"column":79}},"9":{"start":{"line":17,"column":4},"end":{"line":21,"column":5}},"10":{"start":{"line":18,"column":6},"end":{"line":18,"column":39}},"11":{"start":{"line":20,"column":6},"end":{"line":20,"column":64}},"12":{"start":{"line":23,"column":4},"end":{"line":25,"column":79}},"13":{"start":{"line":29,"column":25},"end":{"line":38,"column":1}},"14":{"start":{"line":30,"column":2},"end":{"line":37,"column":3}},"15":{"start":{"line":31,"column":26},"end":{"line":31,"column":76}},"16":{"start":{"line":32,"column":4},"end":{"line":32,"column":40}},"17":{"start":{"line":34,"column":4},"end":{"line":36,"column":80}},"18":{"start":{"line":40,"column":25},"end":{"line":56,"column":1}},"19":{"start":{"line":41,"column":2},"end":{"line":55,"column":3}},"20":{"start":{"line":42,"column":30},"end":{"line":45,"column":5}},"21":{"start":{"line":46,"column":4},"end":{"line":50,"column":5}},"22":{"start":{"line":47,"column":6},"end":{"line":47,"column":46}},"23":{"start":{"line":49,"column":6},"end":{"line":49,"column":64}},"24":{"start":{"line":52,"column":4},"end":{"line":54,"column":80}},"25":{"start":{"line":58,"column":25},"end":{"line":71,"column":1}},"26":{"start":{"line":59,"column":2},"end":{"line":70,"column":3}},"27":{"start":{"line":60,"column":20},"end":{"line":60,"column":75}},"28":{"start":{"line":61,"column":4},"end":{"line":65,"column":5}},"29":{"start":{"line":62,"column":6},"end":{"line":62,"column":75}},"30":{"start":{"line":64,"column":6},"end":{"line":64,"column":64}},"31":{"start":{"line":67,"column":4},"end":{"line":69,"column":80}},"32":{"start":{"line":74,"column":27},"end":{"line":84,"column":1}},"33":{"start":{"line":75,"column":2},"end":{"line":83,"column":3}},"34":{"start":{"line":76,"column":18},"end":{"line":76,"column":75}},"35":{"start":{"line":77,"column":4},"end":{"line":77,"column":32}},"36":{"start":{"line":79,"column":4},"end":{"line":82,"column":7}},"37":{"start":{"line":87,"column":30},"end":{"line":112,"column":1}},"38":{"start":{"line":88,"column":2},"end":{"line":111,"column":3}},"39":{"start":{"line":89,"column":48},"end":{"line":89,"column":56}},"40":{"start":{"line":91,"column":25},"end":{"line":96,"column":5}},"41":{"start":{"line":99,"column":4},"end":{"line":103,"column":5}},"42":{"start":{"line":100,"column":6},"end":{"line":102,"column":49}},"43":{"start":{"line":105,"column":4},"end":{"line":105,"column":39}},"44":{"start":{"line":107,"column":4},"end":{"line":110,"column":7}},"45":{"start":{"line":114,"column":33},"end":{"line":140,"column":1}},"46":{"start":{"line":115,"column":2},"end":{"line":139,"column":3}},"47":{"start":{"line":116,"column":48},"end":{"line":116,"column":56}},"48":{"start":{"line":118,"column":19},"end":{"line":123,"column":5}},"49":{"start":{"line":125,"column":4},"end":{"line":127,"column":5}},"50":{"start":{"line":126,"column":6},"end":{"line":126,"column":73}},"51":{"start":{"line":129,"column":4},"end":{"line":129,"column":54}},"52":{"start":{"line":131,"column":4},"end":{"line":134,"column":6}},"53":{"start":{"line":135,"column":4},"end":{"line":138,"column":7}},"54":{"start":{"line":142,"column":0},"end":{"line":151,"column":2}}},"fnMap":{"0":{"name":"(anonymous_0)","decl":{"start":{"line":3,"column":26},"end":{"line":3,"column":27}},"loc":{"start":{"line":3,"column":46},"end":{"line":12,"column":1}},"line":3},"1":{"name":"(anonymous_1)","decl":{"start":{"line":14,"column":26},"end":{"line":14,"column":27}},"loc":{"start":{"line":14,"column":46},"end":{"line":27,"column":1}},"line":14},"2":{"name":"(anonymous_2)","decl":{"start":{"line":29,"column":25},"end":{"line":29,"column":26}},"loc":{"start":{"line":29,"column":45},"end":{"line":38,"column":1}},"line":29},"3":{"name":"(anonymous_3)","decl":{"start":{"line":40,"column":25},"end":{"line":40,"column":26}},"loc":{"start":{"line":40,"column":45},"end":{"line":56,"column":1}},"line":40},"4":{"name":"(anonymous_4)","decl":{"start":{"line":58,"column":25},"end":{"line":58,"column":26}},"loc":{"start":{"line":58,"column":45},"end":{"line":71,"column":1}},"line":58},"5":{"name":"(anonymous_5)","decl":{"start":{"line":74,"column":27},"end":{"line":74,"column":28}},"loc":{"start":{"line":74,"column":47},"end":{"line":84,"column":1}},"line":74},"6":{"name":"(anonymous_6)","decl":{"start":{"line":87,"column":30},"end":{"line":87,"column":31}},"loc":{"start":{"line":87,"column":50},"end":{"line":112,"column":1}},"line":87},"7":{"name":"(anonymous_7)","decl":{"start":{"line":114,"column":33},"end":{"line":114,"column":34}},"loc":{"start":{"line":114,"column":53},"end":{"line":140,"column":1}},"line":114}},"branchMap":{"0":{"loc":{"start":{"line":17,"column":4},"end":{"line":21,"column":5}},"type":"if","locations":[{"start":{"line":17,"column":4},"end":{"line":21,"column":5}},{"start":{"line":19,"column":11},"end":{"line":21,"column":5}}],"line":17},"1":{"loc":{"start":{"line":46,"column":4},"end":{"line":50,"column":5}},"type":"if","locations":[{"start":{"line":46,"column":4},"end":{"line":50,"column":5}},{"start":{"line":48,"column":11},"end":{"line":50,"column":5}}],"line":46},"2":{"loc":{"start":{"line":61,"column":4},"end":{"line":65,"column":5}},"type":"if","locations":[{"start":{"line":61,"column":4},"end":{"line":65,"column":5}},{"start":{"line":63,"column":11},"end":{"line":65,"column":5}}],"line":61},"3":{"loc":{"start":{"line":99,"column":4},"end":{"line":103,"column":5}},"type":"if","locations":[{"start":{"line":99,"column":4},"end":{"line":103,"column":5}},{"start":{},"end":{}}],"line":99},"4":{"loc":{"start":{"line":99,"column":8},"end":{"line":99,"column":58}},"type":"binary-expr","locations":[{"start":{"line":99,"column":8},"end":{"line":99,"column":27}},{"start":{"line":99,"column":31},"end":{"line":99,"column":58}}],"line":99},"5":{"loc":{"start":{"line":125,"column":4},"end":{"line":127,"column":5}},"type":"if","locations":[{"start":{"line":125,"column":4},"end":{"line":127,"column":5}},{"start":{},"end":{}}],"line":125},"6":{"loc":{"start":{"line":125,"column":8},"end":{"line":125,"column":46}},"type":"binary-expr","locations":[{"start":{"line":125,"column":8},"end":{"line":125,"column":21}},{"start":{"line":125,"column":25},"end":{"line":125,"column":46}}],"line":125}},"s":{"0":5,"1":5,"2":1,"3":1,"4":1,"5":0,"6":5,"7":1,"8":1,"9":1,"10":1,"11":0,"12":0,"13":5,"14":1,"15":1,"16":1,"17":0,"18":5,"19":1,"20":1,"21":1,"22":1,"23":0,"24":0,"25":5,"26":1,"27":1,"28":1,"29":1,"30":0,"31":0,"32":5,"33":1,"34":1,"35":1,"36":0,"37":5,"38":3,"39":3,"40":3,"41":3,"42":1,"43":2,"44":0,"45":5,"46":1,"47":1,"48":1,"49":1,"50":0,"51":1,"52":0,"53":0,"54":5},"f":{"0":1,"1":1,"2":1,"3":1,"4":1,"5":1,"6":3,"7":1},"b":{"0":[1,0],"1":[1,0],"2":[1,0],"3":[1,2],"4":[3,1],"5":[0,1],"6":[1,1]},"_coverageSchema":"1a1c01bbd47fc00a2c39e90264f33305004495a9","hash":"0a1ba18d637b8b586e98d928b2b1fe0be9e1378f"}
,"C:\\Users\\Ryan\\USA_roundnet\\community_web_project\\backend\\controllers\\userController.js": {"path":"C:\\Users\\Ryan\\USA_roundnet\\community_web_project\\backend\\controllers\\userController.js","statementMap":{"0":{"start":{"line":1,"column":20},"end":{"line":1,"column":54}},"1":{"start":{"line":4,"column":20},"end":{"line":13,"column":1}},"2":{"start":{"line":5,"column":2},"end":{"line":12,"column":3}},"3":{"start":{"line":6,"column":18},"end":{"line":6,"column":49}},"4":{"start":{"line":7,"column":4},"end":{"line":7,"column":32}},"5":{"start":{"line":9,"column":4},"end":{"line":11,"column":74}},"6":{"start":{"line":16,"column":20},"end":{"line":29,"column":1}},"7":{"start":{"line":17,"column":2},"end":{"line":28,"column":3}},"8":{"start":{"line":18,"column":17},"end":{"line":18,"column":61}},"9":{"start":{"line":19,"column":4},"end":{"line":23,"column":5}},"10":{"start":{"line":20,"column":6},"end":{"line":20,"column":33}},"11":{"start":{"line":22,"column":6},"end":{"line":22,"column":58}},"12":{"start":{"line":25,"column":4},"end":{"line":27,"column":73}},"13":{"start":{"line":32,"column":19},"end":{"line":45,"column":1}},"14":{"start":{"line":33,"column":2},"end":{"line":44,"column":3}},"15":{"start":{"line":34,"column":20},"end":{"line":34,"column":58}},"16":{"start":{"line":35,"column":4},"end":{"line":35,"column":34}},"17":{"start":{"line":37,"column":4},"end":{"line":40,"column":5}},"18":{"start":{"line":39,"column":6},"end":{"line":39,"column":62}},"19":{"start":{"line":42,"column":4},"end":{"line":42,"column":79}},"20":{"start":{"line":43,"column":4},"end":{"line":43,"column":16}},"21":{"start":{"line":48,"column":19},"end":{"line":61,"column":1}},"22":{"start":{"line":49,"column":2},"end":{"line":60,"column":3}},"23":{"start":{"line":50,"column":24},"end":{"line":50,"column":77}},"24":{"start":{"line":51,"column":4},"end":{"line":55,"column":5}},"25":{"start":{"line":52,"column":6},"end":{"line":52,"column":40}},"26":{"start":{"line":54,"column":6},"end":{"line":54,"column":58}},"27":{"start":{"line":57,"column":4},"end":{"line":59,"column":74}},"28":{"start":{"line":64,"column":19},"end":{"line":77,"column":1}},"29":{"start":{"line":65,"column":2},"end":{"line":76,"column":3}},"30":{"start":{"line":66,"column":24},"end":{"line":66,"column":67}},"31":{"start":{"line":67,"column":4},"end":{"line":71,"column":5}},"32":{"start":{"line":68,"column":6},"end":{"line":68,"column":69}},"33":{"start":{"line":70,"column":6},"end":{"line":70,"column":58}},"34":{"start":{"line":73,"column":4},"end":{"line":75,"column":74}},"35":{"start":{"line":79,"column":27},"end":{"line":98,"column":1}},"36":{"start":{"line":80,"column":2},"end":{"line":97,"column":3}},"37":{"start":{"line":81,"column":19},"end":{"line":81,"column":32}},"38":{"start":{"line":84,"column":24},"end":{"line":84,"column":68}},"39":{"start":{"line":87,"column":4},"end":{"line":91,"column":5}},"40":{"start":{"line":88,"column":6},"end":{"line":90,"column":65}},"41":{"start":{"line":93,"column":4},"end":{"line":93,"column":38}},"42":{"start":{"line":95,"column":4},"end":{"line":95,"column":69}},"43":{"start":{"line":96,"column":4},"end":{"line":96,"column":74}},"44":{"start":{"line":100,"column":0},"end":{"line":107,"column":2}}},"fnMap":{"0":{"name":"(anonymous_0)","decl":{"start":{"line":4,"column":20},"end":{"line":4,"column":21}},"loc":{"start":{"line":4,"column":40},"end":{"line":13,"column":1}},"line":4},"1":{"name":"(anonymous_1)","decl":{"start":{"line":16,"column":20},"end":{"line":16,"column":21}},"loc":{"start":{"line":16,"column":40},"end":{"line":29,"column":1}},"line":16},"2":{"name":"(anonymous_2)","decl":{"start":{"line":32,"column":19},"end":{"line":32,"column":20}},"loc":{"start":{"line":32,"column":45},"end":{"line":45,"column":1}},"line":32},"3":{"name":"(anonymous_3)","decl":{"start":{"line":48,"column":19},"end":{"line":48,"column":20}},"loc":{"start":{"line":48,"column":39},"end":{"line":61,"column":1}},"line":48},"4":{"name":"(anonymous_4)","decl":{"start":{"line":64,"column":19},"end":{"line":64,"column":20}},"loc":{"start":{"line":64,"column":39},"end":{"line":77,"column":1}},"line":64},"5":{"name":"(anonymous_5)","decl":{"start":{"line":79,"column":27},"end":{"line":79,"column":28}},"loc":{"start":{"line":79,"column":47},"end":{"line":98,"column":1}},"line":79}},"branchMap":{"0":{"loc":{"start":{"line":19,"column":4},"end":{"line":23,"column":5}},"type":"if","locations":[{"start":{"line":19,"column":4},"end":{"line":23,"column":5}},{"start":{"line":21,"column":11},"end":{"line":23,"column":5}}],"line":19},"1":{"loc":{"start":{"line":37,"column":4},"end":{"line":40,"column":5}},"type":"if","locations":[{"start":{"line":37,"column":4},"end":{"line":40,"column":5}},{"start":{},"end":{}}],"line":37},"2":{"loc":{"start":{"line":51,"column":4},"end":{"line":55,"column":5}},"type":"if","locations":[{"start":{"line":51,"column":4},"end":{"line":55,"column":5}},{"start":{"line":53,"column":11},"end":{"line":55,"column":5}}],"line":51},"3":{"loc":{"start":{"line":67,"column":4},"end":{"line":71,"column":5}},"type":"if","locations":[{"start":{"line":67,"column":4},"end":{"line":71,"column":5}},{"start":{"line":69,"column":11},"end":{"line":71,"column":5}}],"line":67},"4":{"loc":{"start":{"line":87,"column":4},"end":{"line":91,"column":5}},"type":"if","locations":[{"start":{"line":87,"column":4},"end":{"line":91,"column":5}},{"start":{},"end":{}}],"line":87},"5":{"loc":{"start":{"line":87,"column":8},"end":{"line":87,"column":48}},"type":"binary-expr","locations":[{"start":{"line":87,"column":8},"end":{"line":87,"column":20}},{"start":{"line":87,"column":24},"end":{"line":87,"column":48}}],"line":87}},"s":{"0":5,"1":5,"2":0,"3":0,"4":0,"5":0,"6":5,"7":1,"8":1,"9":1,"10":0,"11":1,"12":0,"13":5,"14":4,"15":4,"16":2,"17":2,"18":2,"19":0,"20":0,"21":5,"22":1,"23":1,"24":1,"25":1,"26":0,"27":0,"28":5,"29":0,"30":0,"31":0,"32":0,"33":0,"34":0,"35":5,"36":1,"37":1,"38":1,"39":1,"40":0,"41":1,"42":0,"43":0,"44":5},"f":{"0":0,"1":1,"2":4,"3":1,"4":0,"5":1},"b":{"0":[0,1],"1":[2,0],"2":[1,0],"3":[0,0],"4":[0,1],"5":[1,1]},"_coverageSchema":"1a1c01bbd47fc00a2c39e90264f33305004495a9","hash":"b3b4694209c95077adcc9b27bf72a341fae3c311"}
,"C:\\Users\\Ryan\\USA_roundnet\\community_web_project\\backend\\controllers\\userOrganizationController.js": {"path":"C:\\Users\\Ryan\\USA_roundnet\\community_web_project\\backend\\controllers\\userOrganizationController.js","statementMap":{"0":{"start":{"line":1,"column":32},"end":{"line":1,"column":78}},"1":{"start":{"line":3,"column":32},"end":{"line":10,"column":1}},"2":{"start":{"line":4,"column":2},"end":{"line":9,"column":3}},"3":{"start":{"line":5,"column":30},"end":{"line":5,"column":85}},"4":{"start":{"line":6,"column":4},"end":{"line":6,"column":44}},"5":{"start":{"line":8,"column":4},"end":{"line":8,"column":107}},"6":{"start":{"line":12,"column":32},"end":{"line":23,"column":1}},"7":{"start":{"line":13,"column":2},"end":{"line":22,"column":3}},"8":{"start":{"line":14,"column":29},"end":{"line":14,"column":97}},"9":{"start":{"line":15,"column":4},"end":{"line":19,"column":5}},"10":{"start":{"line":16,"column":6},"end":{"line":16,"column":45}},"11":{"start":{"line":18,"column":6},"end":{"line":18,"column":77}},"12":{"start":{"line":21,"column":4},"end":{"line":21,"column":106}},"13":{"start":{"line":25,"column":31},"end":{"line":32,"column":1}},"14":{"start":{"line":26,"column":2},"end":{"line":31,"column":3}},"15":{"start":{"line":27,"column":32},"end":{"line":27,"column":94}},"16":{"start":{"line":28,"column":4},"end":{"line":28,"column":46}},"17":{"start":{"line":30,"column":4},"end":{"line":30,"column":107}},"18":{"start":{"line":34,"column":31},"end":{"line":45,"column":1}},"19":{"start":{"line":35,"column":2},"end":{"line":44,"column":3}},"20":{"start":{"line":36,"column":36},"end":{"line":36,"column":113}},"21":{"start":{"line":37,"column":4},"end":{"line":41,"column":5}},"22":{"start":{"line":38,"column":6},"end":{"line":38,"column":52}},"23":{"start":{"line":40,"column":6},"end":{"line":40,"column":77}},"24":{"start":{"line":43,"column":4},"end":{"line":43,"column":107}},"25":{"start":{"line":47,"column":31},"end":{"line":58,"column":1}},"26":{"start":{"line":48,"column":2},"end":{"line":57,"column":3}},"27":{"start":{"line":49,"column":20},"end":{"line":49,"column":87}},"28":{"start":{"line":50,"column":4},"end":{"line":54,"column":5}},"29":{"start":{"line":51,"column":6},"end":{"line":51,"column":88}},"30":{"start":{"line":53,"column":6},"end":{"line":53,"column":77}},"31":{"start":{"line":56,"column":4},"end":{"line":56,"column":107}},"32":{"start":{"line":60,"column":0},"end":{"line":66,"column":2}}},"fnMap":{"0":{"name":"(anonymous_0)","decl":{"start":{"line":3,"column":32},"end":{"line":3,"column":33}},"loc":{"start":{"line":3,"column":52},"end":{"line":10,"column":1}},"line":3},"1":{"name":"(anonymous_1)","decl":{"start":{"line":12,"column":32},"end":{"line":12,"column":33}},"loc":{"start":{"line":12,"column":52},"end":{"line":23,"column":1}},"line":12},"2":{"name":"(anonymous_2)","decl":{"start":{"line":25,"column":31},"end":{"line":25,"column":32}},"loc":{"start":{"line":25,"column":51},"end":{"line":32,"column":1}},"line":25},"3":{"name":"(anonymous_3)","decl":{"start":{"line":34,"column":31},"end":{"line":34,"column":32}},"loc":{"start":{"line":34,"column":51},"end":{"line":45,"column":1}},"line":34},"4":{"name":"(anonymous_4)","decl":{"start":{"line":47,"column":31},"end":{"line":47,"column":32}},"loc":{"start":{"line":47,"column":51},"end":{"line":58,"column":1}},"line":47}},"branchMap":{"0":{"loc":{"start":{"line":15,"column":4},"end":{"line":19,"column":5}},"type":"if","locations":[{"start":{"line":15,"column":4},"end":{"line":19,"column":5}},{"start":{"line":17,"column":11},"end":{"line":19,"column":5}}],"line":15},"1":{"loc":{"start":{"line":37,"column":4},"end":{"line":41,"column":5}},"type":"if","locations":[{"start":{"line":37,"column":4},"end":{"line":41,"column":5}},{"start":{"line":39,"column":11},"end":{"line":41,"column":5}}],"line":37},"2":{"loc":{"start":{"line":50,"column":4},"end":{"line":54,"column":5}},"type":"if","locations":[{"start":{"line":50,"column":4},"end":{"line":54,"column":5}},{"start":{"line":52,"column":11},"end":{"line":54,"column":5}}],"line":50}},"s":{"0":5,"1":5,"2":0,"3":0,"4":0,"5":0,"6":5,"7":0,"8":0,"9":0,"10":0,"11":0,"12":0,"13":5,"14":0,"15":0,"16":0,"17":0,"18":5,"19":0,"20":0,"21":0,"22":0,"23":0,"24":0,"25":5,"26":0,"27":0,"28":0,"29":0,"30":0,"31":0,"32":5},"f":{"0":0,"1":0,"2":0,"3":0,"4":0},"b":{"0":[0,0],"1":[0,0],"2":[0,0]},"_coverageSchema":"1a1c01bbd47fc00a2c39e90264f33305004495a9","hash":"e9f2fc526e178d967542010a7c98f1852b4298b6"}
,"C:\\Users\\Ryan\\USA_roundnet\\community_web_project\\backend\\controllers\\userTeamController.js": {"path":"C:\\Users\\Ryan\\USA_roundnet\\community_web_project\\backend\\controllers\\userTeamController.js","statementMap":{"0":{"start":{"line":1,"column":24},"end":{"line":1,"column":62}},"1":{"start":{"line":3,"column":24},"end":{"line":10,"column":1}},"2":{"start":{"line":4,"column":2},"end":{"line":9,"column":3}},"3":{"start":{"line":5,"column":22},"end":{"line":5,"column":61}},"4":{"start":{"line":6,"column":4},"end":{"line":6,"column":36}},"5":{"start":{"line":8,"column":4},"end":{"line":8,"column":99}},"6":{"start":{"line":12,"column":24},"end":{"line":23,"column":1}},"7":{"start":{"line":13,"column":2},"end":{"line":22,"column":3}},"8":{"start":{"line":14,"column":21},"end":{"line":14,"column":73}},"9":{"start":{"line":15,"column":4},"end":{"line":19,"column":5}},"10":{"start":{"line":16,"column":6},"end":{"line":16,"column":37}},"11":{"start":{"line":18,"column":6},"end":{"line":18,"column":69}},"12":{"start":{"line":21,"column":4},"end":{"line":21,"column":98}},"13":{"start":{"line":25,"column":23},"end":{"line":32,"column":1}},"14":{"start":{"line":26,"column":2},"end":{"line":31,"column":3}},"15":{"start":{"line":27,"column":24},"end":{"line":27,"column":70}},"16":{"start":{"line":28,"column":4},"end":{"line":28,"column":38}},"17":{"start":{"line":30,"column":4},"end":{"line":30,"column":99}},"18":{"start":{"line":34,"column":23},"end":{"line":45,"column":1}},"19":{"start":{"line":35,"column":2},"end":{"line":44,"column":3}},"20":{"start":{"line":36,"column":28},"end":{"line":36,"column":89}},"21":{"start":{"line":37,"column":4},"end":{"line":41,"column":5}},"22":{"start":{"line":38,"column":6},"end":{"line":38,"column":44}},"23":{"start":{"line":40,"column":6},"end":{"line":40,"column":69}},"24":{"start":{"line":43,"column":4},"end":{"line":43,"column":99}},"25":{"start":{"line":47,"column":23},"end":{"line":58,"column":1}},"26":{"start":{"line":48,"column":2},"end":{"line":57,"column":3}},"27":{"start":{"line":49,"column":20},"end":{"line":49,"column":71}},"28":{"start":{"line":50,"column":4},"end":{"line":54,"column":5}},"29":{"start":{"line":51,"column":6},"end":{"line":51,"column":80}},"30":{"start":{"line":53,"column":6},"end":{"line":53,"column":69}},"31":{"start":{"line":56,"column":4},"end":{"line":56,"column":99}},"32":{"start":{"line":60,"column":0},"end":{"line":66,"column":2}}},"fnMap":{"0":{"name":"(anonymous_0)","decl":{"start":{"line":3,"column":24},"end":{"line":3,"column":25}},"loc":{"start":{"line":3,"column":44},"end":{"line":10,"column":1}},"line":3},"1":{"name":"(anonymous_1)","decl":{"start":{"line":12,"column":24},"end":{"line":12,"column":25}},"loc":{"start":{"line":12,"column":44},"end":{"line":23,"column":1}},"line":12},"2":{"name":"(anonymous_2)","decl":{"start":{"line":25,"column":23},"end":{"line":25,"column":24}},"loc":{"start":{"line":25,"column":43},"end":{"line":32,"column":1}},"line":25},"3":{"name":"(anonymous_3)","decl":{"start":{"line":34,"column":23},"end":{"line":34,"column":24}},"loc":{"start":{"line":34,"column":43},"end":{"line":45,"column":1}},"line":34},"4":{"name":"(anonymous_4)","decl":{"start":{"line":47,"column":23},"end":{"line":47,"column":24}},"loc":{"start":{"line":47,"column":43},"end":{"line":58,"column":1}},"line":47}},"branchMap":{"0":{"loc":{"start":{"line":15,"column":4},"end":{"line":19,"column":5}},"type":"if","locations":[{"start":{"line":15,"column":4},"end":{"line":19,"column":5}},{"start":{"line":17,"column":11},"end":{"line":19,"column":5}}],"line":15},"1":{"loc":{"start":{"line":37,"column":4},"end":{"line":41,"column":5}},"type":"if","locations":[{"start":{"line":37,"column":4},"end":{"line":41,"column":5}},{"start":{"line":39,"column":11},"end":{"line":41,"column":5}}],"line":37},"2":{"loc":{"start":{"line":50,"column":4},"end":{"line":54,"column":5}},"type":"if","locations":[{"start":{"line":50,"column":4},"end":{"line":54,"column":5}},{"start":{"line":52,"column":11},"end":{"line":54,"column":5}}],"line":50}},"s":{"0":5,"1":5,"2":0,"3":0,"4":0,"5":0,"6":5,"7":0,"8":0,"9":0,"10":0,"11":0,"12":0,"13":5,"14":0,"15":0,"16":0,"17":0,"18":5,"19":0,"20":0,"21":0,"22":0,"23":0,"24":0,"25":5,"26":0,"27":0,"28":0,"29":0,"30":0,"31":0,"32":5},"f":{"0":0,"1":0,"2":0,"3":0,"4":0},"b":{"0":[0,0],"1":[0,0],"2":[0,0]},"_coverageSchema":"1a1c01bbd47fc00a2c39e90264f33305004495a9","hash":"1213ac5003061ad8b6518bb83d9fb90b9a1cbf64"}
,"C:\\Users\\Ryan\\USA_roundnet\\community_web_project\\backend\\middleware\\authMiddleware.js": {"path":"C:\\Users\\Ryan\\USA_roundnet\\community_web_project\\backend\\middleware\\authMiddleware.js","statementMap":{"0":{"start":{"line":1,"column":12},"end":{"line":1,"column":35}},"1":{"start":{"line":2,"column":11},"end":{"line":2,"column":36}},"2":{"start":{"line":4,"column":20},"end":{"line":24,"column":1}},"3":{"start":{"line":5,"column":21},"end":{"line":5,"column":49}},"4":{"start":{"line":6,"column":2},"end":{"line":8,"column":3}},"5":{"start":{"line":7,"column":4},"end":{"line":7,"column":61}},"6":{"start":{"line":10,"column":16},"end":{"line":10,"column":40}},"7":{"start":{"line":11,"column":2},"end":{"line":23,"column":3}},"8":{"start":{"line":12,"column":20},"end":{"line":12,"column":61}},"9":{"start":{"line":13,"column":17},"end":{"line":13,"column":67}},"10":{"start":{"line":15,"column":4},"end":{"line":17,"column":5}},"11":{"start":{"line":16,"column":6},"end":{"line":16,"column":60}},"12":{"start":{"line":19,"column":4},"end":{"line":19,"column":20}},"13":{"start":{"line":20,"column":4},"end":{"line":20,"column":11}},"14":{"start":{"line":22,"column":4},"end":{"line":22,"column":62}},"15":{"start":{"line":26,"column":0},"end":{"line":26,"column":33}}},"fnMap":{"0":{"name":"(anonymous_0)","decl":{"start":{"line":4,"column":20},"end":{"line":4,"column":21}},"loc":{"start":{"line":4,"column":46},"end":{"line":24,"column":1}},"line":4}},"branchMap":{"0":{"loc":{"start":{"line":6,"column":2},"end":{"line":8,"column":3}},"type":"if","locations":[{"start":{"line":6,"column":2},"end":{"line":8,"column":3}},{"start":{},"end":{}}],"line":6},"1":{"loc":{"start":{"line":6,"column":6},"end":{"line":6,"column":54}},"type":"binary-expr","locations":[{"start":{"line":6,"column":6},"end":{"line":6,"column":17}},{"start":{"line":6,"column":21},"end":{"line":6,"column":54}}],"line":6},"2":{"loc":{"start":{"line":15,"column":4},"end":{"line":17,"column":5}},"type":"if","locations":[{"start":{"line":15,"column":4},"end":{"line":17,"column":5}},{"start":{},"end":{}}],"line":15}},"s":{"0":5,"1":5,"2":5,"3":23,"4":23,"5":1,"6":22,"7":22,"8":22,"9":22,"10":22,"11":0,"12":22,"13":22,"14":0,"15":5},"f":{"0":23},"b":{"0":[1,22],"1":[23,22],"2":[0,22]},"_coverageSchema":"1a1c01bbd47fc00a2c39e90264f33305004495a9","hash":"d698ebc04541c6d05e95bb6b57a721ae8f9aba9b"}
,"C:\\Users\\Ryan\\USA_roundnet\\community_web_project\\backend\\middleware\\tournamentMiddleware.js": {"path":"C:\\Users\\Ryan\\USA_roundnet\\community_web_project\\backend\\middleware\\tournamentMiddleware.js","statementMap":{"0":{"start":{"line":1,"column":11},"end":{"line":1,"column":36}},"1":{"start":{"line":4,"column":32},"end":{"line":15,"column":1}},"2":{"start":{"line":5,"column":57},"end":{"line":5,"column":65}},"3":{"start":{"line":7,"column":2},"end":{"line":11,"column":3}},"4":{"start":{"line":8,"column":4},"end":{"line":10,"column":68}},"5":{"start":{"line":14,"column":2},"end":{"line":14,"column":9}},"6":{"start":{"line":18,"column":30},"end":{"line":41,"column":1}},"7":{"start":{"line":19,"column":23},"end":{"line":19,"column":36}},"8":{"start":{"line":21,"column":2},"end":{"line":40,"column":3}},"9":{"start":{"line":22,"column":23},"end":{"line":24,"column":14}},"10":{"start":{"line":25,"column":4},"end":{"line":29,"column":5}},"11":{"start":{"line":26,"column":6},"end":{"line":28,"column":67}},"12":{"start":{"line":32,"column":4},"end":{"line":32,"column":32}},"13":{"start":{"line":33,"column":4},"end":{"line":33,"column":11}},"14":{"start":{"line":35,"column":4},"end":{"line":39,"column":7}},"15":{"start":{"line":44,"column":32},"end":{"line":67,"column":1}},"16":{"start":{"line":45,"column":17},"end":{"line":45,"column":28}},"17":{"start":{"line":46,"column":23},"end":{"line":46,"column":36}},"18":{"start":{"line":48,"column":2},"end":{"line":66,"column":3}},"19":{"start":{"line":49,"column":23},"end":{"line":51,"column":14}},"20":{"start":{"line":52,"column":4},"end":{"line":57,"column":5}},"21":{"start":{"line":53,"column":6},"end":{"line":56,"column":9}},"22":{"start":{"line":59,"column":4},"end":{"line":59,"column":11}},"23":{"start":{"line":61,"column":4},"end":{"line":65,"column":7}},"24":{"start":{"line":69,"column":0},"end":{"line":73,"column":2}}},"fnMap":{"0":{"name":"(anonymous_0)","decl":{"start":{"line":4,"column":32},"end":{"line":4,"column":33}},"loc":{"start":{"line":4,"column":52},"end":{"line":15,"column":1}},"line":4},"1":{"name":"(anonymous_1)","decl":{"start":{"line":18,"column":30},"end":{"line":18,"column":31}},"loc":{"start":{"line":18,"column":56},"end":{"line":41,"column":1}},"line":18},"2":{"name":"(anonymous_2)","decl":{"start":{"line":44,"column":32},"end":{"line":44,"column":33}},"loc":{"start":{"line":44,"column":58},"end":{"line":67,"column":1}},"line":44}},"branchMap":{"0":{"loc":{"start":{"line":7,"column":2},"end":{"line":11,"column":3}},"type":"if","locations":[{"start":{"line":7,"column":2},"end":{"line":11,"column":3}},{"start":{},"end":{}}],"line":7},"1":{"loc":{"start":{"line":7,"column":6},"end":{"line":7,"column":61}},"type":"binary-expr","locations":[{"start":{"line":7,"column":6},"end":{"line":7,"column":11}},{"start":{"line":7,"column":15},"end":{"line":7,"column":22}},{"start":{"line":7,"column":26},"end":{"line":7,"column":33}},{"start":{"line":7,"column":37},"end":{"line":7,"column":48}},{"start":{"line":7,"column":52},"end":{"line":7,"column":61}}],"line":7},"2":{"loc":{"start":{"line":25,"column":4},"end":{"line":29,"column":5}},"type":"if","locations":[{"start":{"line":25,"column":4},"end":{"line":29,"column":5}},{"start":{},"end":{}}],"line":25},"3":{"loc":{"start":{"line":52,"column":4},"end":{"line":57,"column":5}},"type":"if","locations":[{"start":{"line":52,"column":4},"end":{"line":57,"column":5}},{"start":{},"end":{}}],"line":52}},"s":{"0":5,"1":5,"2":2,"3":2,"4":0,"5":2,"6":5,"7":10,"8":10,"9":10,"10":10,"11":3,"12":7,"13":7,"14":0,"15":5,"16":2,"17":2,"18":2,"19":2,"20":2,"21":0,"22":2,"23":0,"24":5},"f":{"0":2,"1":10,"2":2},"b":{"0":[0,2],"1":[2,2,2,2,2],"2":[3,7],"3":[0,2]},"_coverageSchema":"1a1c01bbd47fc00a2c39e90264f33305004495a9","hash":"200d606b1d59c9f5287dd3d5989822947302e3f7"}
,"C:\\Users\\Ryan\\USA_roundnet\\community_web_project\\backend\\middleware\\userMiddleware.js": {"path":"C:\\Users\\Ryan\\USA_roundnet\\community_web_project\\backend\\middleware\\userMiddleware.js","statementMap":{"0":{"start":{"line":1,"column":29},"end":{"line":1,"column":59}},"1":{"start":{"line":3,"column":26},"end":{"line":11,"column":1}},"2":{"start":{"line":4,"column":17},"end":{"line":4,"column":43}},"3":{"start":{"line":6,"column":2},"end":{"line":8,"column":3}},"4":{"start":{"line":7,"column":4},"end":{"line":7,"column":64}},"5":{"start":{"line":10,"column":2},"end":{"line":10,"column":9}},"6":{"start":{"line":13,"column":0},"end":{"line":13,"column":35}}},"fnMap":{"0":{"name":"(anonymous_0)","decl":{"start":{"line":3,"column":26},"end":{"line":3,"column":27}},"loc":{"start":{"line":3,"column":46},"end":{"line":11,"column":1}},"line":3}},"branchMap":{"0":{"loc":{"start":{"line":6,"column":2},"end":{"line":8,"column":3}},"type":"if","locations":[{"start":{"line":6,"column":2},"end":{"line":8,"column":3}},{"start":{},"end":{}}],"line":6}},"s":{"0":5,"1":5,"2":8,"3":8,"4":4,"5":4,"6":5},"f":{"0":8},"b":{"0":[4,4]},"_coverageSchema":"1a1c01bbd47fc00a2c39e90264f33305004495a9","hash":"2db8bb7795c67683a9e58550d13e17e1e1f8dd81"}
,"C:\\Users\\Ryan\\USA_roundnet\\community_web_project\\backend\\routes\\authRoutes.js": {"path":"C:\\Users\\Ryan\\USA_roundnet\\community_web_project\\backend\\routes\\authRoutes.js","statementMap":{"0":{"start":{"line":1,"column":16},"end":{"line":1,"column":34}},"1":{"start":{"line":2,"column":23},"end":{"line":2,"column":63}},"2":{"start":{"line":3,"column":24},"end":{"line":3,"column":63}},"3":{"start":{"line":4,"column":15},"end":{"line":4,"column":31}},"4":{"start":{"line":6,"column":0},"end":{"line":6,"column":54}},"5":{"start":{"line":7,"column":0},"end":{"line":7,"column":48}},"6":{"start":{"line":10,"column":0},"end":{"line":12,"column":3}},"7":{"start":{"line":11,"column":2},"end":{"line":11,"column":80}},"8":{"start":{"line":14,"column":0},"end":{"line":14,"column":24}}},"fnMap":{"0":{"name":"(anonymous_0)","decl":{"start":{"line":10,"column":44},"end":{"line":10,"column":45}},"loc":{"start":{"line":10,"column":58},"end":{"line":12,"column":1}},"line":10}},"branchMap":{},"s":{"0":5,"1":5,"2":5,"3":5,"4":5,"5":5,"6":5,"7":0,"8":5},"f":{"0":0},"b":{},"_coverageSchema":"1a1c01bbd47fc00a2c39e90264f33305004495a9","hash":"9b0191f787221af77e9bfd9241c165213be9d38b"}
,"C:\\Users\\Ryan\\USA_roundnet\\community_web_project\\backend\\routes\\organizationRoutes.js": {"path":"C:\\Users\\Ryan\\USA_roundnet\\community_web_project\\backend\\routes\\organizationRoutes.js","statementMap":{"0":{"start":{"line":1,"column":16},"end":{"line":1,"column":34}},"1":{"start":{"line":2,"column":31},"end":{"line":2,"column":79}},"2":{"start":{"line":3,"column":24},"end":{"line":3,"column":63}},"3":{"start":{"line":4,"column":15},"end":{"line":4,"column":31}},"4":{"start":{"line":6,"column":0},"end":{"line":6,"column":73}},"5":{"start":{"line":7,"column":0},"end":{"line":7,"column":73}},"6":{"start":{"line":8,"column":0},"end":{"line":8,"column":76}},"7":{"start":{"line":9,"column":0},"end":{"line":9,"column":75}},"8":{"start":{"line":10,"column":0},"end":{"line":10,"column":78}},"9":{"start":{"line":12,"column":0},"end":{"line":12,"column":24}}},"fnMap":{},"branchMap":{},"s":{"0":5,"1":5,"2":5,"3":5,"4":5,"5":5,"6":5,"7":5,"8":5,"9":5},"f":{},"b":{},"_coverageSchema":"1a1c01bbd47fc00a2c39e90264f33305004495a9","hash":"57f807ffa8c11fda61160932e2fdc5125d9206df"}
,"C:\\Users\\Ryan\\USA_roundnet\\community_web_project\\backend\\routes\\teamRoutes.js": {"path":"C:\\Users\\Ryan\\USA_roundnet\\community_web_project\\backend\\routes\\teamRoutes.js","statementMap":{"0":{"start":{"line":1,"column":16},"end":{"line":1,"column":34}},"1":{"start":{"line":2,"column":23},"end":{"line":2,"column":63}},"2":{"start":{"line":3,"column":24},"end":{"line":3,"column":63}},"3":{"start":{"line":4,"column":15},"end":{"line":4,"column":31}},"4":{"start":{"line":6,"column":0},"end":{"line":6,"column":57}},"5":{"start":{"line":7,"column":0},"end":{"line":7,"column":57}},"6":{"start":{"line":8,"column":0},"end":{"line":8,"column":60}},"7":{"start":{"line":9,"column":0},"end":{"line":9,"column":59}},"8":{"start":{"line":10,"column":0},"end":{"line":10,"column":62}},"9":{"start":{"line":12,"column":0},"end":{"line":12,"column":24}}},"fnMap":{},"branchMap":{},"s":{"0":5,"1":5,"2":5,"3":5,"4":5,"5":5,"6":5,"7":5,"8":5,"9":5},"f":{},"b":{},"_coverageSchema":"1a1c01bbd47fc00a2c39e90264f33305004495a9","hash":"8cf4f9e6b1960f8bffe8d0d44781446d3835ac18"}
,"C:\\Users\\Ryan\\USA_roundnet\\community_web_project\\backend\\routes\\tournamentRoutes.js": {"path":"C:\\Users\\Ryan\\USA_roundnet\\community_web_project\\backend\\routes\\tournamentRoutes.js","statementMap":{"0":{"start":{"line":1,"column":16},"end":{"line":1,"column":34}},"1":{"start":{"line":2,"column":15},"end":{"line":2,"column":31}},"2":{"start":{"line":3,"column":24},"end":{"line":3,"column":63}},"3":{"start":{"line":4,"column":29},"end":{"line":4,"column":75}},"4":{"start":{"line":5,"column":21},"end":{"line":5,"column":53}},"5":{"start":{"line":10,"column":4},"end":{"line":10,"column":49}},"6":{"start":{"line":13,"column":0},"end":{"line":13,"column":70}},"7":{"start":{"line":16,"column":0},"end":{"line":20,"column":2}},"8":{"start":{"line":23,"column":0},"end":{"line":28,"column":2}},"9":{"start":{"line":31,"column":0},"end":{"line":36,"column":2}},"10":{"start":{"line":39,"column":0},"end":{"line":46,"column":2}},"11":{"start":{"line":49,"column":0},"end":{"line":55,"column":2}},"12":{"start":{"line":58,"column":0},"end":{"line":63,"column":2}},"13":{"start":{"line":65,"column":0},"end":{"line":69,"column":2}},"14":{"start":{"line":71,"column":0},"end":{"line":71,"column":24}}},"fnMap":{},"branchMap":{},"s":{"0":5,"1":5,"2":5,"3":5,"4":5,"5":5,"6":5,"7":5,"8":5,"9":5,"10":5,"11":5,"12":5,"13":5,"14":5},"f":{},"b":{},"_coverageSchema":"1a1c01bbd47fc00a2c39e90264f33305004495a9","hash":"80a174aff12140cecdfc5aa3091d33b76e716f0a"}
,"C:\\Users\\Ryan\\USA_roundnet\\community_web_project\\backend\\routes\\userOrganizationRoutes.js": {"path":"C:\\Users\\Ryan\\USA_roundnet\\community_web_project\\backend\\routes\\userOrganizationRoutes.js","statementMap":{"0":{"start":{"line":1,"column":16},"end":{"line":1,"column":34}},"1":{"start":{"line":2,"column":35},"end":{"line":2,"column":87}},"2":{"start":{"line":3,"column":15},"end":{"line":3,"column":31}},"3":{"start":{"line":5,"column":0},"end":{"line":5,"column":68}},"4":{"start":{"line":6,"column":0},"end":{"line":6,"column":71}},"5":{"start":{"line":7,"column":0},"end":{"line":7,"column":68}},"6":{"start":{"line":8,"column":0},"end":{"line":8,"column":70}},"7":{"start":{"line":9,"column":0},"end":{"line":9,"column":73}},"8":{"start":{"line":11,"column":0},"end":{"line":11,"column":24}}},"fnMap":{},"branchMap":{},"s":{"0":5,"1":5,"2":5,"3":5,"4":5,"5":5,"6":5,"7":5,"8":5},"f":{},"b":{},"_coverageSchema":"1a1c01bbd47fc00a2c39e90264f33305004495a9","hash":"bdc28123ba7c778e8a7b783f3d2fd3614ec08fcc"}
,"C:\\Users\\Ryan\\USA_roundnet\\community_web_project\\backend\\routes\\userRoutes.js": {"path":"C:\\Users\\Ryan\\USA_roundnet\\community_web_project\\backend\\routes\\userRoutes.js","statementMap":{"0":{"start":{"line":1,"column":16},"end":{"line":1,"column":34}},"1":{"start":{"line":2,"column":15},"end":{"line":2,"column":31}},"2":{"start":{"line":3,"column":24},"end":{"line":3,"column":63}},"3":{"start":{"line":4,"column":23},"end":{"line":4,"column":63}},"4":{"start":{"line":5,"column":21},"end":{"line":5,"column":53}},"5":{"start":{"line":6,"column":26},"end":{"line":6,"column":65}},"6":{"start":{"line":9,"column":0},"end":{"line":9,"column":71}},"7":{"start":{"line":11,"column":0},"end":{"line":11,"column":74}},"8":{"start":{"line":13,"column":0},"end":{"line":13,"column":77}},"9":{"start":{"line":15,"column":0},"end":{"line":15,"column":73}},"10":{"start":{"line":17,"column":0},"end":{"line":17,"column":76}},"11":{"start":{"line":20,"column":0},"end":{"line":24,"column":2}},"12":{"start":{"line":26,"column":0},"end":{"line":26,"column":24}}},"fnMap":{},"branchMap":{},"s":{"0":5,"1":5,"2":5,"3":5,"4":5,"5":5,"6":5,"7":5,"8":5,"9":5,"10":5,"11":5,"12":5},"f":{},"b":{},"_coverageSchema":"1a1c01bbd47fc00a2c39e90264f33305004495a9","hash":"910132a42a3006dae24e759a9c783e5716ea8e22"}
,"C:\\Users\\Ryan\\USA_roundnet\\community_web_project\\backend\\routes\\userTeamRoutes.js": {"path":"C:\\Users\\Ryan\\USA_roundnet\\community_web_project\\backend\\routes\\userTeamRoutes.js","statementMap":{"0":{"start":{"line":1,"column":16},"end":{"line":1,"column":34}},"1":{"start":{"line":2,"column":27},"end":{"line":2,"column":71}},"2":{"start":{"line":3,"column":15},"end":{"line":3,"column":31}},"3":{"start":{"line":5,"column":0},"end":{"line":5,"column":52}},"4":{"start":{"line":6,"column":0},"end":{"line":6,"column":55}},"5":{"start":{"line":7,"column":0},"end":{"line":7,"column":52}},"6":{"start":{"line":8,"column":0},"end":{"line":8,"column":54}},"7":{"start":{"line":9,"column":0},"end":{"line":9,"column":57}},"8":{"start":{"line":11,"column":0},"end":{"line":11,"column":24}}},"fnMap":{},"branchMap":{},"s":{"0":5,"1":5,"2":5,"3":5,"4":5,"5":5,"6":5,"7":5,"8":5},"f":{},"b":{},"_coverageSchema":"1a1c01bbd47fc00a2c39e90264f33305004495a9","hash":"ae3e46f86b253272ac2ee699d3dcc47a33ecc5dc"}
,"C:\\Users\\Ryan\\USA_roundnet\\community_web_project\\backend\\services\\authService.js": {"path":"C:\\Users\\Ryan\\USA_roundnet\\community_web_project\\backend\\services\\authService.js","statementMap":{"0":{"start":{"line":1,"column":15},"end":{"line":1,"column":32}},"1":{"start":{"line":2,"column":12},"end":{"line":2,"column":35}},"2":{"start":{"line":3,"column":11},"end":{"line":3,"column":36}},"3":{"start":{"line":6,"column":21},"end":{"line":54,"column":1}},"4":{"start":{"line":23,"column":6},"end":{"line":23,"column":14}},"5":{"start":{"line":25,"column":25},"end":{"line":25,"column":56}},"6":{"start":{"line":27,"column":19},"end":{"line":42,"column":4}},"7":{"start":{"line":44,"column":18},"end":{"line":44,"column":64}},"8":{"start":{"line":46,"column":2},"end":{"line":53,"column":4}},"9":{"start":{"line":57,"column":18},"end":{"line":75,"column":1}},"10":{"start":{"line":59,"column":15},"end":{"line":59,"column":56}},"11":{"start":{"line":63,"column":2},"end":{"line":65,"column":3}},"12":{"start":{"line":64,"column":4},"end":{"line":64,"column":49}},"13":{"start":{"line":68,"column":16},"end":{"line":72,"column":3}},"14":{"start":{"line":74,"column":2},"end":{"line":74,"column":15}},"15":{"start":{"line":77,"column":0},"end":{"line":80,"column":2}}},"fnMap":{"0":{"name":"(anonymous_0)","decl":{"start":{"line":6,"column":21},"end":{"line":6,"column":22}},"loc":{"start":{"line":6,"column":41},"end":{"line":54,"column":1}},"line":6},"1":{"name":"(anonymous_1)","decl":{"start":{"line":57,"column":18},"end":{"line":57,"column":19}},"loc":{"start":{"line":57,"column":49},"end":{"line":75,"column":1}},"line":57}},"branchMap":{"0":{"loc":{"start":{"line":22,"column":4},"end":{"line":22,"column":30}},"type":"default-arg","locations":[{"start":{"line":22,"column":26},"end":{"line":22,"column":30}}],"line":22},"1":{"loc":{"start":{"line":63,"column":2},"end":{"line":65,"column":3}},"type":"if","locations":[{"start":{"line":63,"column":2},"end":{"line":65,"column":3}},{"start":{},"end":{}}],"line":63},"2":{"loc":{"start":{"line":63,"column":6},"end":{"line":63,"column":63}},"type":"binary-expr","locations":[{"start":{"line":63,"column":6},"end":{"line":63,"column":11}},{"start":{"line":63,"column":15},"end":{"line":63,"column":63}}],"line":63}},"s":{"0":5,"1":5,"2":5,"3":5,"4":5,"5":5,"6":5,"7":5,"8":5,"9":5,"10":10,"11":10,"12":2,"13":8,"14":8,"15":5},"f":{"0":5,"1":10},"b":{"0":[5],"1":[2,8],"2":[10,9]},"_coverageSchema":"1a1c01bbd47fc00a2c39e90264f33305004495a9","hash":"ab9129617f010261e90831d64a0dff5e5748a0ac"}
,"C:\\Users\\Ryan\\USA_roundnet\\community_web_project\\backend\\services\\organizationService.js": {"path":"C:\\Users\\Ryan\\USA_roundnet\\community_web_project\\backend\\services\\organizationService.js","statementMap":{"0":{"start":{"line":1,"column":13},"end":{"line":1,"column":41}},"1":{"start":{"line":3,"column":28},"end":{"line":5,"column":1}},"2":{"start":{"line":4,"column":2},"end":{"line":4,"column":48}},"3":{"start":{"line":7,"column":28},"end":{"line":9,"column":1}},"4":{"start":{"line":8,"column":2},"end":{"line":8,"column":58}},"5":{"start":{"line":11,"column":27},"end":{"line":23,"column":1}},"6":{"start":{"line":12,"column":23},"end":{"line":21,"column":4}},"7":{"start":{"line":22,"column":2},"end":{"line":22,"column":41}},"8":{"start":{"line":25,"column":27},"end":{"line":40,"column":1}},"9":{"start":{"line":26,"column":23},"end":{"line":35,"column":4}},"10":{"start":{"line":36,"column":2},"end":{"line":38,"column":3}},"11":{"start":{"line":37,"column":4},"end":{"line":37,"column":35}},"12":{"start":{"line":39,"column":2},"end":{"line":39,"column":14}},"13":{"start":{"line":42,"column":27},"end":{"line":45,"column":1}},"14":{"start":{"line":43,"column":22},"end":{"line":43,"column":68}},"15":{"start":{"line":44,"column":2},"end":{"line":44,"column":25}},"16":{"start":{"line":47,"column":0},"end":{"line":53,"column":2}}},"fnMap":{"0":{"name":"(anonymous_0)","decl":{"start":{"line":3,"column":28},"end":{"line":3,"column":29}},"loc":{"start":{"line":3,"column":40},"end":{"line":5,"column":1}},"line":3},"1":{"name":"(anonymous_1)","decl":{"start":{"line":7,"column":28},"end":{"line":7,"column":29}},"loc":{"start":{"line":7,"column":42},"end":{"line":9,"column":1}},"line":7},"2":{"name":"(anonymous_2)","decl":{"start":{"line":11,"column":27},"end":{"line":11,"column":28}},"loc":{"start":{"line":11,"column":46},"end":{"line":23,"column":1}},"line":11},"3":{"name":"(anonymous_3)","decl":{"start":{"line":25,"column":27},"end":{"line":25,"column":28}},"loc":{"start":{"line":25,"column":50},"end":{"line":40,"column":1}},"line":25},"4":{"name":"(anonymous_4)","decl":{"start":{"line":42,"column":27},"end":{"line":42,"column":28}},"loc":{"start":{"line":42,"column":41},"end":{"line":45,"column":1}},"line":42}},"branchMap":{"0":{"loc":{"start":{"line":36,"column":2},"end":{"line":38,"column":3}},"type":"if","locations":[{"start":{"line":36,"column":2},"end":{"line":38,"column":3}},{"start":{},"end":{}}],"line":36}},"s":{"0":5,"1":5,"2":1,"3":5,"4":4,"5":5,"6":1,"7":1,"8":5,"9":1,"10":1,"11":1,"12":0,"13":5,"14":1,"15":1,"16":5},"f":{"0":1,"1":4,"2":1,"3":1,"4":1},"b":{"0":[1,0]},"_coverageSchema":"1a1c01bbd47fc00a2c39e90264f33305004495a9","hash":"0239255174298c74887bd952343ebe9b6556fcac"}
,"C:\\Users\\Ryan\\USA_roundnet\\community_web_project\\backend\\services\\teamService.js": {"path":"C:\\Users\\Ryan\\USA_roundnet\\community_web_project\\backend\\services\\teamService.js","statementMap":{"0":{"start":{"line":1,"column":13},"end":{"line":1,"column":38}},"1":{"start":{"line":3,"column":20},"end":{"line":5,"column":1}},"2":{"start":{"line":4,"column":2},"end":{"line":4,"column":40}},"3":{"start":{"line":7,"column":20},"end":{"line":9,"column":1}},"4":{"start":{"line":8,"column":2},"end":{"line":8,"column":50}},"5":{"start":{"line":11,"column":19},"end":{"line":19,"column":1}},"6":{"start":{"line":12,"column":23},"end":{"line":17,"column":4}},"7":{"start":{"line":18,"column":2},"end":{"line":18,"column":33}},"8":{"start":{"line":21,"column":19},"end":{"line":32,"column":1}},"9":{"start":{"line":22,"column":23},"end":{"line":27,"column":4}},"10":{"start":{"line":28,"column":2},"end":{"line":30,"column":3}},"11":{"start":{"line":29,"column":4},"end":{"line":29,"column":27}},"12":{"start":{"line":31,"column":2},"end":{"line":31,"column":14}},"13":{"start":{"line":34,"column":19},"end":{"line":37,"column":1}},"14":{"start":{"line":35,"column":22},"end":{"line":35,"column":60}},"15":{"start":{"line":36,"column":2},"end":{"line":36,"column":25}},"16":{"start":{"line":39,"column":0},"end":{"line":45,"column":2}}},"fnMap":{"0":{"name":"(anonymous_0)","decl":{"start":{"line":3,"column":20},"end":{"line":3,"column":21}},"loc":{"start":{"line":3,"column":32},"end":{"line":5,"column":1}},"line":3},"1":{"name":"(anonymous_1)","decl":{"start":{"line":7,"column":20},"end":{"line":7,"column":21}},"loc":{"start":{"line":7,"column":34},"end":{"line":9,"column":1}},"line":7},"2":{"name":"(anonymous_2)","decl":{"start":{"line":11,"column":19},"end":{"line":11,"column":20}},"loc":{"start":{"line":11,"column":39},"end":{"line":19,"column":1}},"line":11},"3":{"name":"(anonymous_3)","decl":{"start":{"line":21,"column":19},"end":{"line":21,"column":20}},"loc":{"start":{"line":21,"column":43},"end":{"line":32,"column":1}},"line":21},"4":{"name":"(anonymous_4)","decl":{"start":{"line":34,"column":19},"end":{"line":34,"column":20}},"loc":{"start":{"line":34,"column":33},"end":{"line":37,"column":1}},"line":34}},"branchMap":{"0":{"loc":{"start":{"line":28,"column":2},"end":{"line":30,"column":3}},"type":"if","locations":[{"start":{"line":28,"column":2},"end":{"line":30,"column":3}},{"start":{},"end":{}}],"line":28}},"s":{"0":5,"1":5,"2":1,"3":5,"4":1,"5":5,"6":1,"7":1,"8":5,"9":0,"10":0,"11":0,"12":0,"13":5,"14":1,"15":1,"16":5},"f":{"0":1,"1":1,"2":1,"3":0,"4":1},"b":{"0":[0,0]},"_coverageSchema":"1a1c01bbd47fc00a2c39e90264f33305004495a9","hash":"bddb18fbda46b4a8b02e6981db24e71a69a1b977"}
,"C:\\Users\\Ryan\\USA_roundnet\\community_web_project\\backend\\services\\tournamentService.js": {"path":"C:\\Users\\Ryan\\USA_roundnet\\community_web_project\\backend\\services\\tournamentService.js","statementMap":{"0":{"start":{"line":1,"column":13},"end":{"line":1,"column":41}},"1":{"start":{"line":2,"column":42},"end":{"line":2,"column":72}},"2":{"start":{"line":4,"column":26},"end":{"line":6,"column":1}},"3":{"start":{"line":5,"column":2},"end":{"line":5,"column":46}},"4":{"start":{"line":8,"column":26},"end":{"line":10,"column":1}},"5":{"start":{"line":9,"column":2},"end":{"line":9,"column":56}},"6":{"start":{"line":12,"column":25},"end":{"line":31,"column":1}},"7":{"start":{"line":13,"column":23},"end":{"line":29,"column":4}},"8":{"start":{"line":30,"column":2},"end":{"line":30,"column":39}},"9":{"start":{"line":33,"column":25},"end":{"line":55,"column":1}},"10":{"start":{"line":34,"column":23},"end":{"line":50,"column":4}},"11":{"start":{"line":51,"column":2},"end":{"line":53,"column":3}},"12":{"start":{"line":52,"column":4},"end":{"line":52,"column":33}},"13":{"start":{"line":54,"column":2},"end":{"line":54,"column":14}},"14":{"start":{"line":57,"column":25},"end":{"line":60,"column":1}},"15":{"start":{"line":58,"column":22},"end":{"line":58,"column":66}},"16":{"start":{"line":59,"column":2},"end":{"line":59,"column":25}},"17":{"start":{"line":63,"column":27},"end":{"line":81,"column":1}},"18":{"start":{"line":65,"column":16},"end":{"line":73,"column":21}},"19":{"start":{"line":75,"column":2},"end":{"line":77,"column":3}},"20":{"start":{"line":76,"column":4},"end":{"line":76,"column":67}},"21":{"start":{"line":80,"column":2},"end":{"line":80,"column":15}},"22":{"start":{"line":84,"column":30},"end":{"line":152,"column":1}},"23":{"start":{"line":90,"column":2},"end":{"line":151,"column":3}},"24":{"start":{"line":91,"column":4},"end":{"line":96,"column":7}},"25":{"start":{"line":99,"column":23},"end":{"line":101,"column":14}},"26":{"start":{"line":102,"column":4},"end":{"line":105,"column":5}},"27":{"start":{"line":104,"column":6},"end":{"line":104,"column":62}},"28":{"start":{"line":108,"column":31},"end":{"line":110,"column":14}},"29":{"start":{"line":111,"column":4},"end":{"line":114,"column":5}},"30":{"start":{"line":113,"column":6},"end":{"line":113,"column":71}},"31":{"start":{"line":117,"column":4},"end":{"line":122,"column":5}},"32":{"start":{"line":118,"column":6},"end":{"line":118,"column":75}},"33":{"start":{"line":120,"column":6},"end":{"line":120,"column":69}},"34":{"start":{"line":121,"column":6},"end":{"line":121,"column":19}},"35":{"start":{"line":125,"column":29},"end":{"line":131,"column":6}},"36":{"start":{"line":135,"column":35},"end":{"line":137,"column":14}},"37":{"start":{"line":138,"column":4},"end":{"line":145,"column":5}},"38":{"start":{"line":139,"column":6},"end":{"line":143,"column":9}},"39":{"start":{"line":147,"column":4},"end":{"line":147,"column":34}},"40":{"start":{"line":149,"column":4},"end":{"line":149,"column":66}},"41":{"start":{"line":150,"column":4},"end":{"line":150,"column":16}},"42":{"start":{"line":154,"column":33},"end":{"line":213,"column":1}},"43":{"start":{"line":160,"column":2},"end":{"line":212,"column":3}},"44":{"start":{"line":161,"column":4},"end":{"line":166,"column":7}},"45":{"start":{"line":169,"column":25},"end":{"line":171,"column":14}},"46":{"start":{"line":172,"column":4},"end":{"line":178,"column":5}},"47":{"start":{"line":173,"column":6},"end":{"line":176,"column":9}},"48":{"start":{"line":177,"column":6},"end":{"line":177,"column":64}},"49":{"start":{"line":181,"column":4},"end":{"line":181,"column":80}},"50":{"start":{"line":182,"column":4},"end":{"line":185,"column":7}},"51":{"start":{"line":188,"column":35},"end":{"line":197,"column":14}},"52":{"start":{"line":199,"column":4},"end":{"line":203,"column":5}},"53":{"start":{"line":201,"column":6},"end":{"line":201,"column":75}},"54":{"start":{"line":205,"column":4},"end":{"line":208,"column":6}},"55":{"start":{"line":210,"column":4},"end":{"line":210,"column":69}},"56":{"start":{"line":211,"column":4},"end":{"line":211,"column":16}},"57":{"start":{"line":215,"column":0},"end":{"line":224,"column":2}}},"fnMap":{"0":{"name":"(anonymous_0)","decl":{"start":{"line":4,"column":26},"end":{"line":4,"column":27}},"loc":{"start":{"line":4,"column":38},"end":{"line":6,"column":1}},"line":4},"1":{"name":"(anonymous_1)","decl":{"start":{"line":8,"column":26},"end":{"line":8,"column":27}},"loc":{"start":{"line":8,"column":40},"end":{"line":10,"column":1}},"line":8},"2":{"name":"(anonymous_2)","decl":{"start":{"line":12,"column":25},"end":{"line":12,"column":26}},"loc":{"start":{"line":12,"column":51},"end":{"line":31,"column":1}},"line":12},"3":{"name":"(anonymous_3)","decl":{"start":{"line":33,"column":25},"end":{"line":33,"column":26}},"loc":{"start":{"line":33,"column":55},"end":{"line":55,"column":1}},"line":33},"4":{"name":"(anonymous_4)","decl":{"start":{"line":57,"column":25},"end":{"line":57,"column":26}},"loc":{"start":{"line":57,"column":39},"end":{"line":60,"column":1}},"line":57},"5":{"name":"(anonymous_5)","decl":{"start":{"line":63,"column":27},"end":{"line":63,"column":28}},"loc":{"start":{"line":63,"column":52},"end":{"line":81,"column":1}},"line":63},"6":{"name":"(anonymous_6)","decl":{"start":{"line":84,"column":30},"end":{"line":84,"column":31}},"loc":{"start":{"line":89,"column":5},"end":{"line":152,"column":1}},"line":89},"7":{"name":"(anonymous_7)","decl":{"start":{"line":154,"column":33},"end":{"line":154,"column":34}},"loc":{"start":{"line":159,"column":5},"end":{"line":213,"column":1}},"line":159}},"branchMap":{"0":{"loc":{"start":{"line":51,"column":2},"end":{"line":53,"column":3}},"type":"if","locations":[{"start":{"line":51,"column":2},"end":{"line":53,"column":3}},{"start":{},"end":{}}],"line":51},"1":{"loc":{"start":{"line":75,"column":2},"end":{"line":77,"column":3}},"type":"if","locations":[{"start":{"line":75,"column":2},"end":{"line":77,"column":3}},{"start":{},"end":{}}],"line":75},"2":{"loc":{"start":{"line":75,"column":6},"end":{"line":75,"column":34}},"type":"binary-expr","locations":[{"start":{"line":75,"column":6},"end":{"line":75,"column":12}},{"start":{"line":75,"column":16},"end":{"line":75,"column":34}}],"line":75},"3":{"loc":{"start":{"line":102,"column":4},"end":{"line":105,"column":5}},"type":"if","locations":[{"start":{"line":102,"column":4},"end":{"line":105,"column":5}},{"start":{},"end":{}}],"line":102},"4":{"loc":{"start":{"line":111,"column":4},"end":{"line":114,"column":5}},"type":"if","locations":[{"start":{"line":111,"column":4},"end":{"line":114,"column":5}},{"start":{},"end":{}}],"line":111},"5":{"loc":{"start":{"line":138,"column":4},"end":{"line":145,"column":5}},"type":"if","locations":[{"start":{"line":138,"column":4},"end":{"line":145,"column":5}},{"start":{},"end":{}}],"line":138},"6":{"loc":{"start":{"line":172,"column":4},"end":{"line":178,"column":5}},"type":"if","locations":[{"start":{"line":172,"column":4},"end":{"line":178,"column":5}},{"start":{},"end":{}}],"line":172},"7":{"loc":{"start":{"line":199,"column":4},"end":{"line":203,"column":5}},"type":"if","locations":[{"start":{"line":199,"column":4},"end":{"line":203,"column":5}},{"start":{},"end":{}}],"line":199}},"s":{"0":5,"1":5,"2":5,"3":1,"4":5,"5":3,"6":5,"7":1,"8":1,"9":5,"10":1,"11":1,"12":1,"13":0,"14":5,"15":1,"16":1,"17":5,"18":1,"19":1,"20":0,"21":1,"22":5,"23":3,"24":3,"25":3,"26":3,"27":0,"28":3,"29":3,"30":0,"31":3,"32":3,"33":1,"34":1,"35":2,"36":2,"37":2,"38":2,"39":2,"40":0,"41":0,"42":5,"43":1,"44":1,"45":1,"46":1,"47":0,"48":0,"49":1,"50":1,"51":1,"52":1,"53":1,"54":1,"55":0,"56":0,"57":5},"f":{"0":1,"1":3,"2":1,"3":1,"4":1,"5":1,"6":3,"7":1},"b":{"0":[1,0],"1":[0,1],"2":[1,1],"3":[0,3],"4":[0,3],"5":[2,0],"6":[0,1],"7":[1,0]},"_coverageSchema":"1a1c01bbd47fc00a2c39e90264f33305004495a9","hash":"e6af4b2004864f6851742679683734227670b71f"}
[...]
,"C:\\Users\\Ryan\\USA_roundnet\\community_web_project\\backend\\services\\userService.js": {"path":"C:\\Users\\Ryan\\USA_roundnet\\community_web_project\\backend\\services\\userService.js","statementMap":{"0":{"start":{"line":1,"column":13},"end":{"line":1,"column":41}},"1":{"start":{"line":2,"column":29},"end":{"line":2,"column":62}},"2":{"start":{"line":4,"column":20},"end":{"line":6,"column":1}},"3":{"start":{"line":5,"column":2},"end":{"line":5,"column":40}},"4":{"start":{"line":8,"column":20},"end":{"line":10,"column":1}},"5":{"start":{"line":9,"column":2},"end":{"line":9,"column":50}},"6":{"start":{"line":12,"column":19},"end":{"line":48,"column":1}},"7":{"start":{"line":13,"column":17},"end":{"line":13,"column":43}},"8":{"start":{"line":15,"column":2},"end":{"line":17,"column":3}},"9":{"start":{"line":16,"column":4},"end":{"line":16,"column":39}},"10":{"start":{"line":19,"column":2},"end":{"line":47,"column":3}},"11":{"start":{"line":20,"column":25},"end":{"line":39,"column":6}},"12":{"start":{"line":41,"column":4},"end":{"line":41,"column":64}},"13":{"start":{"line":43,"column":4},"end":{"line":45,"column":5}},"14":{"start":{"line":44,"column":6},"end":{"line":44,"column":59}},"15":{"start":{"line":46,"column":4},"end":{"line":46,"column":16}},"16":{"start":{"line":50,"column":19},"end":{"line":76,"column":1}},"17":{"start":{"line":51,"column":23},"end":{"line":70,"column":4}},"18":{"start":{"line":72,"column":2},"end":{"line":74,"column":3}},"19":{"start":{"line":73,"column":4},"end":{"line":73,"column":27}},"20":{"start":{"line":75,"column":2},"end":{"line":75,"column":14}},"21":{"start":{"line":78,"column":19},"end":{"line":81,"column":1}},"22":{"start":{"line":79,"column":22},"end":{"line":79,"column":60}},"23":{"start":{"line":80,"column":2},"end":{"line":80,"column":25}},"24":{"start":{"line":84,"column":27},"end":{"line":92,"column":1}},"25":{"start":{"line":86,"column":22},"end":{"line":89,"column":27}},"26":{"start":{"line":91,"column":2},"end":{"line":91,"column":21}},"27":{"start":{"line":94,"column":0},"end":{"line":101,"column":2}}},"fnMap":{"0":{"name":"(anonymous_0)","decl":{"start":{"line":4,"column":20},"end":{"line":4,"column":21}},"loc":{"start":{"line":4,"column":32},"end":{"line":6,"column":1}},"line":4},"1":{"name":"(anonymous_1)","decl":{"start":{"line":8,"column":20},"end":{"line":8,"column":21}},"loc":{"start":{"line":8,"column":34},"end":{"line":10,"column":1}},"line":8},"2":{"name":"(anonymous_2)","decl":{"start":{"line":12,"column":19},"end":{"line":12,"column":20}},"loc":{"start":{"line":12,"column":39},"end":{"line":48,"column":1}},"line":12},"3":{"name":"(anonymous_3)","decl":{"start":{"line":50,"column":19},"end":{"line":50,"column":20}},"loc":{"start":{"line":50,"column":43},"end":{"line":76,"column":1}},"line":50},"4":{"name":"(anonymous_4)","decl":{"start":{"line":78,"column":19},"end":{"line":78,"column":20}},"loc":{"start":{"line":78,"column":33},"end":{"line":81,"column":1}},"line":78},"5":{"name":"(anonymous_5)","decl":{"start":{"line":84,"column":27},"end":{"line":84,"column":28}},"loc":{"start":{"line":84,"column":46},"end":{"line":92,"column":1}},"line":84}},"branchMap":{"0":{"loc":{"start":{"line":15,"column":2},"end":{"line":17,"column":3}},"type":"if","locations":[{"start":{"line":15,"column":2},"end":{"line":17,"column":3}},{"start":{},"end":{}}],"line":15},"1":{"loc":{"start":{"line":43,"column":4},"end":{"line":45,"column":5}},"type":"if","locations":[{"start":{"line":43,"column":4},"end":{"line":45,"column":5}},{"start":{},"end":{}}],"line":43},"2":{"loc":{"start":{"line":72,"column":2},"end":{"line":74,"column":3}},"type":"if","locations":[{"start":{"line":72,"column":2},"end":{"line":74,"column":3}},{"start":{},"end":{}}],"line":72}},"s":{"0":5,"1":5,"2":5,"3":0,"4":5,"5":2,"6":5,"7":4,"8":4,"9":0,"10":4,"11":4,"12":2,"13":2,"14":2,"15":0,"16":5,"17":1,"18":1,"19":1,"20":0,"21":5,"22":0,"23":0,"24":5,"25":1,"26":1,"27":5},"f":{"0":0,"1":2,"2":4,"3":1,"4":0,"5":1},"b":{"0":[0,4],"1":[2,0],"2":[1,0]},"_coverageSchema":"1a1c01bbd47fc00a2c39e90264f33305004495a9","hash":"5436aaaecb1e505c0e6e3a12efe88844b64d0c6d"}
,"C:\\Users\\Ryan\\USA_roundnet\\community_web_project\\backend\\services\\userTeamService.js": {"path":"C:\\Users\\Ryan\\USA_roundnet\\community_web_project\\backend\\services\\userTeamService.js","statementMap":{"0":{"start":{"line":1,"column":13},"end":{"line":1,"column":38}},"1":{"start":{"line":3,"column":24},"end":{"line":5,"column":1}},"2":{"start":{"line":4,"column":2},"end":{"line":4,"column":44}},"3":{"start":{"line":7,"column":24},"end":{"line":9,"column":1}},"4":{"start":{"line":8,"column":2},"end":{"line":8,"column":54}},"5":{"start":{"line":11,"column":23},"end":{"line":18,"column":1}},"6":{"start":{"line":12,"column":23},"end":{"line":16,"column":4}},"7":{"start":{"line":17,"column":2},"end":{"line":17,"column":37}},"8":{"start":{"line":20,"column":23},"end":{"line":30,"column":1}},"9":{"start":{"line":21,"column":23},"end":{"line":25,"column":4}},"10":{"start":{"line":26,"column":2},"end":{"line":28,"column":3}},"11":{"start":{"line":27,"column":4},"end":{"line":27,"column":31}},"12":{"start":{"line":29,"column":2},"end":{"line":29,"column":14}},"13":{"start":{"line":32,"column":23},"end":{"line":35,"column":1}},"14":{"start":{"line":33,"column":22},"end":{"line":33,"column":64}},"15":{"start":{"line":34,"column":2},"end":{"line":34,"column":25}},"16":{"start":{"line":37,"column":0},"end":{"line":43,"column":2}}},"fnMap":{"0":{"name":"(anonymous_0)","decl":{"start":{"line":3,"column":24},"end":{"line":3,"column":25}},"loc":{"start":{"line":3,"column":36},"end":{"line":5,"column":1}},"line":3},"1":{"name":"(anonymous_1)","decl":{"start":{"line":7,"column":24},"end":{"line":7,"column":25}},"loc":{"start":{"line":7,"column":38},"end":{"line":9,"column":1}},"line":7},"2":{"name":"(anonymous_2)","decl":{"start":{"line":11,"column":23},"end":{"line":11,"column":24}},"loc":{"start":{"line":11,"column":39},"end":{"line":18,"column":1}},"line":11},"3":{"name":"(anonymous_3)","decl":{"start":{"line":20,"column":23},"end":{"line":20,"column":24}},"loc":{"start":{"line":20,"column":43},"end":{"line":30,"column":1}},"line":20},"4":{"name":"(anonymous_4)","decl":{"start":{"line":32,"column":23},"end":{"line":32,"column":24}},"loc":{"start":{"line":32,"column":37},"end":{"line":35,"column":1}},"line":32}},"branchMap":{"0":{"loc":{"start":{"line":26,"column":2},"end":{"line":28,"column":3}},"type":"if","locations":[{"start":{"line":26,"column":2},"end":{"line":28,"column":3}},{"start":{},"end":{}}],"line":26}},"s":{"0":5,"1":5,"2":0,"3":5,"4":0,"5":5,"6":0,"7":0,"8":5,"9":0,"10":0,"11":0,"12":0,"13":5,"14":0,"15":0,"16":5},"f":{"0":0,"1":0,"2":0,"3":0,"4":0},"b":{"0":[0,0]},"_coverageSchema":"1a1c01bbd47fc00a2c39e90264f33305004495a9","hash":"07ea5fe1dd98bde1f580be23d7701ffdc52ce19d"}
,"C:\\Users\\Ryan\\USA_roundnet\\community_web_project\\backend\\tests\\testUtils.js": {"path":"C:\\Users\\Ryan\\USA_roundnet\\community_web_project\\backend\\tests\\testUtils.js","statementMap":{"0":{"start":{"line":1,"column":16},"end":{"line":1,"column":36}},"1":{"start":{"line":2,"column":16},"end":{"line":2,"column":35}},"2":{"start":{"line":4,"column":21},"end":{"line":10,"column":1}},"3":{"start":{"line":5,"column":14},"end":{"line":5,"column":74}},"4":{"start":{"line":6,"column":2},"end":{"line":8,"column":3}},"5":{"start":{"line":7,"column":4},"end":{"line":7,"column":68}},"6":{"start":{"line":9,"column":2},"end":{"line":9,"column":18}},"7":{"start":{"line":12,"column":18},"end":{"line":20,"column":1}},"8":{"start":{"line":13,"column":14},"end":{"line":15,"column":30}},"9":{"start":{"line":16,"column":2},"end":{"line":18,"column":3}},"10":{"start":{"line":17,"column":4},"end":{"line":17,"column":61}},"11":{"start":{"line":19,"column":2},"end":{"line":19,"column":24}},"12":{"start":{"line":22,"column":19},"end":{"line":31,"column":1}},"13":{"start":{"line":23,"column":14},"end":{"line":26,"column":19}},"14":{"start":{"line":27,"column":2},"end":{"line":29,"column":3}},"15":{"start":{"line":28,"column":4},"end":{"line":28,"column":66}},"16":{"start":{"line":30,"column":2},"end":{"line":30,"column":18}},"17":{"start":{"line":33,"column":25},"end":{"line":42,"column":1}},"18":{"start":{"line":34,"column":14},"end":{"line":37,"column":25}},"19":{"start":{"line":38,"column":2},"end":{"line":40,"column":3}},"20":{"start":{"line":39,"column":4},"end":{"line":39,"column":72}},"21":{"start":{"line":41,"column":2},"end":{"line":41,"column":18}},"22":{"start":{"line":44,"column":22},"end":{"line":68,"column":1}},"23":{"start":{"line":45,"column":19},"end":{"line":45,"column":29}},"24":{"start":{"line":46,"column":26},"end":{"line":59,"column":3}},"25":{"start":{"line":61,"column":24},"end":{"line":61,"column":51}},"26":{"start":{"line":63,"column":25},"end":{"line":63,"column":58}},"27":{"start":{"line":65,"column":16},"end":{"line":65,"column":76}},"28":{"start":{"line":67,"column":2},"end":{"line":67,"column":72}},"29":{"start":{"line":70,"column":28},"end":{"line":90,"column":1}},"30":{"start":{"line":71,"column":32},"end":{"line":83,"column":3}},"31":{"start":{"line":85,"column":30},"end":{"line":85,"column":69}},"32":{"start":{"line":87,"column":14},"end":{"line":87,"column":68}},"33":{"start":{"line":89,"column":2},"end":{"line":89,"column":13}},"34":{"start":{"line":92,"column":22},"end":{"line":108,"column":1}},"35":{"start":{"line":93,"column":26},"end":{"line":101,"column":3}},"36":{"start":{"line":103,"column":24},"end":{"line":103,"column":51}},"37":{"start":{"line":105,"column":14},"end":{"line":105,"column":56}},"38":{"start":{"line":107,"column":2},"end":{"line":107,"column":13}},"39":{"start":{"line":110,"column":0},"end":{"line":118,"column":2}}},"fnMap":{"0":{"name":"(anonymous_0)","decl":{"start":{"line":4,"column":21},"end":{"line":4,"column":22}},"loc":{"start":{"line":4,"column":41},"end":{"line":10,"column":1}},"line":4},"1":{"name":"(anonymous_1)","decl":{"start":{"line":12,"column":18},"end":{"line":12,"column":19}},"loc":{"start":{"line":12,"column":45},"end":{"line":20,"column":1}},"line":12},"2":{"name":"(anonymous_2)","decl":{"start":{"line":22,"column":19},"end":{"line":22,"column":20}},"loc":{"start":{"line":22,"column":46},"end":{"line":31,"column":1}},"line":22},"3":{"name":"(anonymous_3)","decl":{"start":{"line":33,"column":25},"end":{"line":33,"column":26}},"loc":{"start":{"line":33,"column":58},"end":{"line":42,"column":1}},"line":33},"4":{"name":"(anonymous_4)","decl":{"start":{"line":44,"column":22},"end":{"line":44,"column":23}},"loc":{"start":{"line":44,"column":49},"end":{"line":68,"column":1}},"line":44},"5":{"name":"(anonymous_5)","decl":{"start":{"line":70,"column":28},"end":{"line":70,"column":29}},"loc":{"start":{"line":70,"column":72},"end":{"line":90,"column":1}},"line":70},"6":{"name":"(anonymous_6)","decl":{"start":{"line":92,"column":22},"end":{"line":92,"column":23}},"loc":{"start":{"line":92,"column":60},"end":{"line":108,"column":1}},"line":92}},"branchMap":{"0":{"loc":{"start":{"line":6,"column":2},"end":{"line":8,"column":3}},"type":"if","locations":[{"start":{"line":6,"column":2},"end":{"line":8,"column":3}},{"start":{},"end":{}}],"line":6},"1":{"loc":{"start":{"line":16,"column":2},"end":{"line":18,"column":3}},"type":"if","locations":[{"start":{"line":16,"column":2},"end":{"line":18,"column":3}},{"start":{},"end":{}}],"line":16},"2":{"loc":{"start":{"line":27,"column":2},"end":{"line":29,"column":3}},"type":"if","locations":[{"start":{"line":27,"column":2},"end":{"line":29,"column":3}},{"start":{},"end":{}}],"line":27},"3":{"loc":{"start":{"line":38,"column":2},"end":{"line":40,"column":3}},"type":"if","locations":[{"start":{"line":38,"column":2},"end":{"line":40,"column":3}},{"start":{},"end":{}}],"line":38},"4":{"loc":{"start":{"line":44,"column":29},"end":{"line":44,"column":44}},"type":"default-arg","locations":[{"start":{"line":44,"column":40},"end":{"line":44,"column":44}}],"line":44},"5":{"loc":{"start":{"line":61,"column":24},"end":{"line":61,"column":51}},"type":"binary-expr","locations":[{"start":{"line":61,"column":24},"end":{"line":61,"column":32}},{"start":{"line":61,"column":36},"end":{"line":61,"column":51}}],"line":61},"6":{"loc":{"start":{"line":70,"column":46},"end":{"line":70,"column":67}},"type":"default-arg","locations":[{"start":{"line":70,"column":63},"end":{"line":70,"column":67}}],"line":70},"7":{"loc":{"start":{"line":85,"column":30},"end":{"line":85,"column":69}},"type":"binary-expr","locations":[{"start":{"line":85,"column":30},"end":{"line":85,"column":44}},{"start":{"line":85,"column":48},"end":{"line":85,"column":69}}],"line":85},"8":{"loc":{"start":{"line":92,"column":40},"end":{"line":92,"column":55}},"type":"default-arg","locations":[{"start":{"line":92,"column":51},"end":{"line":92,"column":55}}],"line":92},"9":{"loc":{"start":{"line":103,"column":24},"end":{"line":103,"column":51}},"type":"binary-expr","locations":[{"start":{"line":103,"column":24},"end":{"line":103,"column":32}},{"start":{"line":103,"column":36},"end":{"line":103,"column":51}}],"line":103}},"s":{"0":5,"1":5,"2":5,"3":5,"4":5,"5":0,"6":5,"7":5,"8":7,"9":7,"10":0,"11":7,"12":5,"13":0,"14":0,"15":0,"16":0,"17":5,"18":0,"19":0,"20":0,"21":0,"22":5,"23":4,"24":4,"25":4,"26":4,"27":4,"28":4,"29":5,"30":0,"31":0,"32":0,"33":0,"34":5,"35":0,"36":0,"37":0,"38":0,"39":5},"f":{"0":5,"1":7,"2":0,"3":0,"4":4,"5":0,"6":0},"b":{"0":[0,5],"1":[0,7],"2":[0,0],"3":[0,0],"4":[4],"5":[4,4],"6":[0],"7":[0,0],"8":[0],"9":[0,0]},"_coverageSchema":"1a1c01bbd47fc00a2c39e90264f33305004495a9","hash":"da146c95d3c62717cbc145b48d066b0695545ed4"}
,"C:\\Users\\Ryan\\USA_roundnet\\community_web_project\\backend\\utils\\asyncHandler.js": {"path":"C:\\Users\\Ryan\\USA_roundnet\\community_web_project\\backend\\utils\\asyncHandler.js","statementMap":{"0":{"start":{"line":1,"column":21},"end":{"line":3,"column":1}},"1":{"start":{"line":1,"column":29},"end":{"line":3,"column":1}},"2":{"start":{"line":2,"column":2},"end":{"line":2,"column":50}},"3":{"start":{"line":5,"column":0},"end":{"line":5,"column":30}}},"fnMap":{"0":{"name":"(anonymous_0)","decl":{"start":{"line":1,"column":21},"end":{"line":1,"column":22}},"loc":{"start":{"line":1,"column":29},"end":{"line":3,"column":1}},"line":1},"1":{"name":"(anonymous_1)","decl":{"start":{"line":1,"column":29},"end":{"line":1,"column":30}},"loc":{"start":{"line":1,"column":49},"end":{"line":3,"column":1}},"line":1}},"branchMap":{},"s":{"0":5,"1":70,"2":17,"3":5},"f":{"0":70,"1":17},"b":{},"_coverageSchema":"1a1c01bbd47fc00a2c39e90264f33305004495a9","hash":"af8eb232f066b703abd3667b7e2c45ce7fe73a99"}
,"C:\\Users\\Ryan\\USA_roundnet\\community_web_project\\backend\\utils\\validation.js": {"path":"C:\\Users\\Ryan\\USA_roundnet\\community_web_project\\backend\\utils\\validation.js","statementMap":{"0":{"start":{"line":1,"column":13},"end":{"line":1,"column":38}},"1":{"start":{"line":3,"column":25},"end":{"line":53,"column":1}},"2":{"start":{"line":4,"column":17},"end":{"line":4,"column":19}},"3":{"start":{"line":14,"column":6},"end":{"line":14,"column":14}},"4":{"start":{"line":16,"column":2},"end":{"line":18,"column":3}},"5":{"start":{"line":17,"column":4},"end":{"line":17,"column":43}},"6":{"start":{"line":20,"column":2},"end":{"line":22,"column":3}},"7":{"start":{"line":21,"column":4},"end":{"line":21,"column":42}},"8":{"start":{"line":24,"column":2},"end":{"line":31,"column":3}},"9":{"start":{"line":25,"column":4},"end":{"line":25,"column":38}},"10":{"start":{"line":27,"column":23},"end":{"line":27,"column":51}},"11":{"start":{"line":28,"column":4},"end":{"line":30,"column":5}},"12":{"start":{"line":29,"column":6},"end":{"line":29,"column":43}},"13":{"start":{"line":33,"column":2},"end":{"line":39,"column":3}},"14":{"start":{"line":35,"column":6},"end":{"line":35,"column":60}},"15":{"start":{"line":36,"column":4},"end":{"line":38,"column":5}},"16":{"start":{"line":37,"column":6},"end":{"line":37,"column":43}},"17":{"start":{"line":41,"column":2},"end":{"line":46,"column":3}},"18":{"start":{"line":42,"column":17},"end":{"line":42,"column":74}},"19":{"start":{"line":43,"column":4},"end":{"line":45,"column":5}},"20":{"start":{"line":44,"column":6},"end":{"line":44,"column":44}},"21":{"start":{"line":48,"column":2},"end":{"line":50,"column":3}},"22":{"start":{"line":49,"column":4},"end":{"line":49,"column":66}},"23":{"start":{"line":52,"column":2},"end":{"line":52,"column":16}},"24":{"start":{"line":56,"column":38},"end":{"line":74,"column":1}},"25":{"start":{"line":60,"column":31},"end":{"line":62,"column":12}},"26":{"start":{"line":64,"column":2},"end":{"line":73,"column":3}},"27":{"start":{"line":65,"column":4},"end":{"line":68,"column":7}},"28":{"start":{"line":69,"column":4},"end":{"line":72,"column":6}},"29":{"start":{"line":76,"column":0},"end":{"line":79,"column":2}}},"fnMap":{"0":{"name":"(anonymous_0)","decl":{"start":{"line":3,"column":25},"end":{"line":3,"column":26}},"loc":{"start":{"line":3,"column":39},"end":{"line":53,"column":1}},"line":3},"1":{"name":"(anonymous_1)","decl":{"start":{"line":56,"column":38},"end":{"line":56,"column":39}},"loc":{"start":{"line":59,"column":5},"end":{"line":74,"column":1}},"line":59}},"branchMap":{"0":{"loc":{"start":{"line":16,"column":2},"end":{"line":18,"column":3}},"type":"if","locations":[{"start":{"line":16,"column":2},"end":{"line":18,"column":3}},{"start":{},"end":{}}],"line":16},"1":{"loc":{"start":{"line":20,"column":2},"end":{"line":22,"column":3}},"type":"if","locations":[{"start":{"line":20,"column":2},"end":{"line":22,"column":3}},{"start":{},"end":{}}],"line":20},"2":{"loc":{"start":{"line":24,"column":2},"end":{"line":31,"column":3}},"type":"if","locations":[{"start":{"line":24,"column":2},"end":{"line":31,"column":3}},{"start":{"line":26,"column":9},"end":{"line":31,"column":3}}],"line":24},"3":{"loc":{"start":{"line":28,"column":4},"end":{"line":30,"column":5}},"type":"if","locations":[{"start":{"line":28,"column":4},"end":{"line":30,"column":5}},{"start":{},"end":{}}],"line":28},"4":{"loc":{"start":{"line":33,"column":2},"end":{"line":39,"column":3}},"type":"if","locations":[{"start":{"line":33,"column":2},"end":{"line":39,"column":3}},{"start":{},"end":{}}],"line":33},"5":{"loc":{"start":{"line":36,"column":4},"end":{"line":38,"column":5}},"type":"if","locations":[{"start":{"line":36,"column":4},"end":{"line":38,"column":5}},{"start":{},"end":{}}],"line":36},"6":{"loc":{"start":{"line":41,"column":2},"end":{"line":46,"column":3}},"type":"if","locations":[{"start":{"line":41,"column":2},"end":{"line":46,"column":3}},{"start":{},"end":{}}],"line":41},"7":{"loc":{"start":{"line":43,"column":4},"end":{"line":45,"column":5}},"type":"if","locations":[{"start":{"line":43,"column":4},"end":{"line":45,"column":5}},{"start":{},"end":{}}],"line":43},"8":{"loc":{"start":{"line":48,"column":2},"end":{"line":50,"column":3}},"type":"if","locations":[{"start":{"line":48,"column":2},"end":{"line":50,"column":3}},{"start":{},"end":{}}],"line":48},"9":{"loc":{"start":{"line":48,"column":6},"end":{"line":48,"column":44}},"type":"binary-expr","locations":[{"start":{"line":48,"column":6},"end":{"line":48,"column":31}},{"start":{"line":48,"column":35},"end":{"line":48,"column":44}}],"line":48},"10":{"loc":{"start":{"line":64,"column":2},"end":{"line":73,"column":3}},"type":"if","locations":[{"start":{"line":64,"column":2},"end":{"line":73,"column":3}},{"start":{},"end":{}}],"line":64}},"s":{"0":5,"1":5,"2":12,"3":12,"4":12,"5":0,"6":12,"7":0,"8":12,"9":1,"10":11,"11":11,"12":1,"13":12,"14":9,"15":9,"16":1,"17":12,"18":9,"19":9,"20":1,"21":12,"22":0,"23":12,"24":5,"25":3,"26":3,"27":1,"28":1,"29":5},"f":{"0":12,"1":3},"b":{"0":[0,12],"1":[0,12],"2":[1,11],"3":[1,10],"4":[9,3],"5":[1,8],"6":[9,3],"7":[1,8],"8":[0,12],"9":[12,6],"10":[1,2]},"_coverageSchema":"1a1c01bbd47fc00a2c39e90264f33305004495a9","hash":"83e6cc5c21b69d6b6c7c45531cd5bfb673e4466e"}
}
