TN:
SF:index.js
FN:90,(anonymous_0)
FN:95,(anonymous_1)
FN:103,(anonymous_2)
FN:107,(anonymous_3)
FN:113,(anonymous_4)
FN:124,(anonymous_5)
FNF:6
FNH:3
FNDA:0,(anonymous_0)
FNDA:0,(anonymous_1)
FNDA:5,(anonymous_2)
FNDA:5,(anonymous_3)
FNDA:0,(anonymous_4)
FNDA:5,(anonymous_5)
DA:1,5
DA:2,5
DA:3,5
DA:4,5
DA:5,5
DA:6,5
DA:7,5
DA:9,5
DA:12,5
DA:13,5
DA:14,5
DA:78,5
DA:81,5
DA:82,5
DA:83,5
DA:84,5
DA:85,5
DA:86,5
DA:87,5
DA:90,5
DA:91,0
DA:95,5
DA:96,0
DA:97,0
DA:101,5
DA:103,5
DA:104,5
DA:105,5
DA:107,5
DA:108,5
DA:112,0
DA:113,0
DA:114,0
DA:115,0
DA:121,5
DA:124,5
DA:125,5
DA:126,5
DA:127,5
DA:131,5
LF:40
LH:33
BRDA:104,0,0,5
BRDA:104,0,1,0
BRDA:105,1,0,5
BRDA:105,1,1,0
BRDA:112,2,0,0
BRDA:112,2,1,0
BRDA:125,3,0,5
BRDA:125,3,1,0
BRF:8
BRH:3
end_of_record
TN:
SF:knex-config.js
FNF:0
FNH:0
DA:1,5
DA:2,5
DA:3,5
DA:5,5
DA:6,5
DA:12,5
DA:13,0
DA:14,0
DA:17,5
LF:9
LH:7
BRDA:5,0,0,5
BRDA:5,0,1,0
BRDA:12,1,0,0
BRDA:12,1,1,5
BRF:4
BRH:2
end_of_record
TN:
SF:knexfile.js
FNF:0
FNH:0
DA:1,5
DA:6,5
LF:2
LH:2
BRDA:10,0,0,5
BRDA:10,0,1,0
BRDA:11,1,0,5
BRDA:11,1,1,0
BRDA:12,2,0,5
BRDA:12,2,1,0
BRDA:13,3,0,5
BRDA:13,3,1,0
BRDA:14,4,0,5
BRDA:14,4,1,0
BRDA:24,5,0,5
BRDA:24,5,1,0
BRDA:25,6,0,5
BRDA:25,6,1,0
BRDA:26,7,0,5
BRDA:26,7,1,0
BRDA:27,8,0,5
BRDA:27,8,1,0
BRDA:28,9,0,5
BRDA:28,9,1,0
BRDA:38,10,0,5
BRDA:38,10,1,0
BRDA:39,11,0,5
BRDA:39,11,1,0
BRDA:40,12,0,5
BRDA:40,12,1,0
BRDA:41,13,0,5
BRDA:41,13,1,0
BRDA:42,14,0,5
BRDA:42,14,1,0
BRDA:57,15,0,5
BRDA:57,15,1,0
BRDA:58,16,0,5
BRDA:58,16,1,0
BRDA:59,17,0,5
BRDA:59,17,1,0
BRDA:60,18,0,5
BRDA:60,18,1,0
BRDA:61,19,0,5
BRDA:61,19,1,0
BRF:40
BRH:20
end_of_record
TN:
SF:swagger.js
FNF:0
FNH:0
DA:1,5
LF:1
LH:1
BRF:0
BRH:0
end_of_record
TN:
SF:controllers\authController.js
FN:4,(anonymous_0)
FN:17,(anonymous_1)
FNF:2
FNH:2
FNDA:5,(anonymous_0)
FNDA:10,(anonymous_1)
DA:1,5
DA:4,5
DA:5,5
DA:6,5
DA:7,5
DA:9,0
DA:10,0
DA:17,5
DA:18,10
DA:19,10
DA:20,8
DA:22,2
DA:23,2
DA:25,0
DA:32,5
LF:15
LH:12
BRDA:22,0,0,2
BRDA:22,0,1,0
BRF:2
BRH:1
end_of_record
TN:
SF:controllers\organizationController.js
FN:3,(anonymous_0)
FN:15,(anonymous_1)
FN:33,(anonymous_2)
FN:54,(anonymous_3)
FN:73,(anonymous_4)
FNF:5
FNH:5
FNDA:1,(anonymous_0)
FNDA:2,(anonymous_1)
FNDA:1,(anonymous_2)
FNDA:1,(anonymous_3)
FNDA:1,(anonymous_4)
DA:1,5
DA:3,5
DA:4,1
DA:5,1
DA:6,1
DA:8,0
DA:15,5
DA:16,2
DA:17,2
DA:20,2
DA:21,1
DA:23,1
DA:26,0
DA:33,5
DA:34,1
DA:37,1
DA:38,0
DA:41,1
DA:42,1
DA:45,1
DA:47,0
DA:54,5
DA:55,1
DA:56,1
DA:60,1
DA:61,1
DA:63,0
DA:66,0
DA:73,5
DA:74,1
DA:75,1
DA:76,1
DA:77,1
DA:79,0
DA:82,0
DA:89,5
LF:36
LH:28
BRDA:20,0,0,1
BRDA:20,0,1,1
BRDA:37,1,0,0
BRDA:37,1,1,1
BRDA:37,2,0,1
BRDA:37,2,1,1
BRDA:60,3,0,1
BRDA:60,3,1,0
BRDA:76,4,0,1
BRDA:76,4,1,0
BRF:10
BRH:7
end_of_record
TN:
SF:controllers\teamController.js
FN:3,(anonymous_0)
FN:14,(anonymous_1)
FN:29,(anonymous_2)
FN:40,(anonymous_3)
FN:55,(anonymous_4)
FNF:5
FNH:3
FNDA:1,(anonymous_0)
FNDA:0,(anonymous_1)
FNDA:1,(anonymous_2)
FNDA:0,(anonymous_3)
FNDA:1,(anonymous_4)
DA:1,5
DA:3,5
DA:4,1
DA:5,1
DA:6,1
DA:8,0
DA:14,5
DA:15,0
DA:16,0
DA:17,0
DA:18,0
DA:20,0
DA:23,0
DA:29,5
DA:30,1
DA:31,1
DA:32,1
DA:34,0
DA:40,5
DA:41,0
DA:42,0
DA:43,0
DA:44,0
DA:46,0
DA:49,0
DA:55,5
DA:56,1
DA:57,1
DA:58,1
DA:59,1
DA:61,0
DA:64,0
DA:70,5
LF:33
LH:17
BRDA:17,0,0,0
BRDA:17,0,1,0
BRDA:43,1,0,0
BRDA:43,1,1,0
BRDA:58,2,0,1
BRDA:58,2,1,0
BRF:6
BRH:1
end_of_record
TN:
SF:controllers\tournamentController.js
FN:3,(anonymous_0)
FN:14,(anonymous_1)
FN:29,(anonymous_2)
FN:40,(anonymous_3)
FN:58,(anonymous_4)
FN:74,(anonymous_5)
FN:87,(anonymous_6)
FN:114,(anonymous_7)
FNF:8
FNH:8
FNDA:1,(anonymous_0)
FNDA:1,(anonymous_1)
FNDA:1,(anonymous_2)
FNDA:1,(anonymous_3)
FNDA:1,(anonymous_4)
FNDA:1,(anonymous_5)
FNDA:3,(anonymous_6)
FNDA:1,(anonymous_7)
DA:1,5
DA:3,5
DA:4,1
DA:5,1
DA:6,1
DA:8,0
DA:14,5
DA:15,1
DA:16,1
DA:17,1
DA:18,1
DA:20,0
DA:23,0
DA:29,5
DA:30,1
DA:31,1
DA:32,1
DA:34,0
DA:40,5
DA:41,1
DA:42,1
DA:46,1
DA:47,1
DA:49,0
DA:52,0
DA:58,5
DA:59,1
DA:60,1
DA:61,1
DA:62,1
DA:64,0
DA:67,0
DA:74,5
DA:75,1
DA:76,1
DA:77,1
DA:79,0
DA:87,5
DA:88,3
DA:89,3
DA:91,3
DA:99,3
DA:100,1
DA:105,2
DA:107,0
DA:114,5
DA:115,1
DA:116,1
DA:118,1
DA:125,1
DA:126,0
DA:129,1
DA:131,0
DA:135,0
DA:142,5
LF:55
LH:42
BRDA:17,0,0,1
BRDA:17,0,1,0
BRDA:46,1,0,1
BRDA:46,1,1,0
BRDA:61,2,0,1
BRDA:61,2,1,0
BRDA:99,3,0,1
BRDA:99,3,1,2
BRDA:99,4,0,3
BRDA:99,4,1,1
BRDA:125,5,0,0
BRDA:125,5,1,1
BRDA:125,6,0,1
BRDA:125,6,1,1
BRF:14
BRH:10
end_of_record
TN:
SF:controllers\userController.js
FN:4,(anonymous_0)
FN:16,(anonymous_1)
FN:32,(anonymous_2)
FN:48,(anonymous_3)
FN:64,(anonymous_4)
FN:79,(anonymous_5)
FNF:6
FNH:4
FNDA:0,(anonymous_0)
FNDA:1,(anonymous_1)
FNDA:4,(anonymous_2)
FNDA:1,(anonymous_3)
FNDA:0,(anonymous_4)
FNDA:1,(anonymous_5)
DA:1,5
DA:4,5
DA:5,0
DA:6,0
DA:7,0
DA:9,0
DA:16,5
DA:17,1
DA:18,1
DA:19,1
DA:20,0
DA:22,1
DA:25,0
DA:32,5
DA:33,4
DA:34,4
DA:35,2
DA:37,2
DA:39,2
DA:42,0
DA:43,0
DA:48,5
DA:49,1
DA:50,1
DA:51,1
DA:52,1
DA:54,0
DA:57,0
DA:64,5
DA:65,0
DA:66,0
DA:67,0
DA:68,0
DA:70,0
DA:73,0
DA:79,5
DA:80,1
DA:81,1
DA:84,1
DA:87,1
DA:88,0
DA:93,1
DA:95,0
DA:96,0
DA:100,5
LF:45
LH:26
BRDA:19,0,0,0
BRDA:19,0,1,1
BRDA:37,1,0,2
BRDA:37,1,1,0
BRDA:51,2,0,1
BRDA:51,2,1,0
BRDA:67,3,0,0
BRDA:67,3,1,0
BRDA:87,4,0,0
BRDA:87,4,1,1
BRDA:87,5,0,1
BRDA:87,5,1,1
BRF:12
BRH:6
end_of_record
TN:
SF:controllers\userOrganizationController.js
FN:3,(anonymous_0)
FN:12,(anonymous_1)
FN:25,(anonymous_2)
FN:34,(anonymous_3)
FN:47,(anonymous_4)
FNF:5
FNH:0
FNDA:0,(anonymous_0)
FNDA:0,(anonymous_1)
FNDA:0,(anonymous_2)
FNDA:0,(anonymous_3)
FNDA:0,(anonymous_4)
DA:1,5
DA:3,5
DA:4,0
DA:5,0
DA:6,0
DA:8,0
DA:12,5
DA:13,0
DA:14,0
DA:15,0
DA:16,0
DA:18,0
DA:21,0
DA:25,5
DA:26,0
DA:27,0
DA:28,0
DA:30,0
DA:34,5
DA:35,0
DA:36,0
DA:37,0
DA:38,0
DA:40,0
DA:43,0
DA:47,5
DA:48,0
DA:49,0
DA:50,0
DA:51,0
DA:53,0
DA:56,0
DA:60,5
LF:33
LH:7
BRDA:15,0,0,0
BRDA:15,0,1,0
BRDA:37,1,0,0
BRDA:37,1,1,0
BRDA:50,2,0,0
BRDA:50,2,1,0
BRF:6
BRH:0
end_of_record
TN:
SF:controllers\userTeamController.js
FN:3,(anonymous_0)
FN:12,(anonymous_1)
FN:25,(anonymous_2)
FN:34,(anonymous_3)
FN:47,(anonymous_4)
FNF:5
FNH:0
FNDA:0,(anonymous_0)
FNDA:0,(anonymous_1)
FNDA:0,(anonymous_2)
FNDA:0,(anonymous_3)
FNDA:0,(anonymous_4)
DA:1,5
DA:3,5
DA:4,0
DA:5,0
DA:6,0
DA:8,0
DA:12,5
DA:13,0
DA:14,0
DA:15,0
DA:16,0
DA:18,0
DA:21,0
DA:25,5
DA:26,0
DA:27,0
DA:28,0
DA:30,0
DA:34,5
DA:35,0
DA:36,0
DA:37,0
DA:38,0
DA:40,0
DA:43,0
DA:47,5
DA:48,0
DA:49,0
DA:50,0
DA:51,0
DA:53,0
DA:56,0
DA:60,5
LF:33
LH:7
BRDA:15,0,0,0
BRDA:15,0,1,0
BRDA:37,1,0,0
BRDA:37,1,1,0
BRDA:50,2,0,0
BRDA:50,2,1,0
BRF:6
BRH:0
end_of_record
TN:
SF:middleware\authMiddleware.js
FN:4,(anonymous_0)
FNF:1
FNH:1
FNDA:23,(anonymous_0)
DA:1,5
DA:2,5
DA:4,5
DA:5,23
DA:6,23
DA:7,1
DA:10,22
DA:11,22
DA:12,22
DA:13,22
DA:15,22
DA:16,0
DA:19,22
DA:20,22
DA:22,0
DA:26,5
LF:16
LH:14
BRDA:6,0,0,1
BRDA:6,0,1,22
BRDA:6,1,0,23
BRDA:6,1,1,22
BRDA:15,2,0,0
BRDA:15,2,1,22
BRF:6
BRH:5
end_of_record
TN:
SF:middleware\tournamentMiddleware.js
FN:4,(anonymous_0)
FN:18,(anonymous_1)
FN:44,(anonymous_2)
FNF:3
FNH:3
FNDA:2,(anonymous_0)
FNDA:10,(anonymous_1)
FNDA:2,(anonymous_2)
DA:1,5
DA:4,5
DA:5,2
DA:7,2
DA:8,0
DA:14,2
DA:18,5
DA:19,10
DA:21,10
DA:22,10
DA:25,10
DA:26,3
DA:32,7
DA:33,7
DA:35,0
DA:44,5
DA:45,2
DA:46,2
DA:48,2
DA:49,2
DA:52,2
DA:53,0
DA:59,2
DA:61,0
DA:69,5
LF:25
LH:21
BRDA:7,0,0,0
BRDA:7,0,1,2
BRDA:7,1,0,2
BRDA:7,1,1,2
BRDA:7,1,2,2
BRDA:7,1,3,2
BRDA:7,1,4,2
BRDA:25,2,0,3
BRDA:25,2,1,7
BRDA:52,3,0,0
BRDA:52,3,1,2
BRF:11
BRH:9
end_of_record
TN:
SF:middleware\userMiddleware.js
FN:3,(anonymous_0)
FNF:1
FNH:1
FNDA:8,(anonymous_0)
DA:1,5
DA:3,5
DA:4,8
DA:6,8
DA:7,4
DA:10,4
DA:13,5
LF:7
LH:7
BRDA:6,0,0,4
BRDA:6,0,1,4
BRF:2
BRH:2
end_of_record
TN:
SF:routes\authRoutes.js
FN:10,(anonymous_0)
FNF:1
FNH:0
FNDA:0,(anonymous_0)
DA:1,5
DA:2,5
DA:3,5
DA:4,5
DA:6,5
DA:7,5
DA:10,5
DA:11,0
DA:14,5
LF:9
LH:8
BRF:0
BRH:0
end_of_record
TN:
SF:routes\organizationRoutes.js
FNF:0
FNH:0
DA:1,5
DA:2,5
DA:3,5
DA:4,5
DA:6,5
DA:7,5
DA:8,5
DA:9,5
DA:10,5
DA:12,5
LF:10
LH:10
BRF:0
BRH:0
end_of_record
TN:
SF:routes\teamRoutes.js
FNF:0
FNH:0
DA:1,5
DA:2,5
DA:3,5
DA:4,5
DA:6,5
DA:7,5
DA:8,5
DA:9,5
DA:10,5
DA:12,5
LF:10
LH:10
BRF:0
BRH:0
end_of_record
TN:
SF:routes\tournamentRoutes.js
FNF:0
FNH:0
DA:1,5
DA:2,5
DA:3,5
DA:4,5
DA:5,5
DA:10,5
DA:13,5
DA:16,5
DA:23,5
DA:31,5
DA:39,5
DA:49,5
DA:58,5
DA:65,5
DA:71,5
LF:15
LH:15
BRF:0
BRH:0
end_of_record
TN:
SF:routes\userOrganizationRoutes.js
FNF:0
FNH:0
DA:1,5
DA:2,5
DA:3,5
DA:5,5
DA:6,5
DA:7,5
DA:8,5
DA:9,5
DA:11,5
LF:9
LH:9
BRF:0
BRH:0
end_of_record
TN:
SF:routes\userRoutes.js
FNF:0
FNH:0
DA:1,5
DA:2,5
DA:3,5
DA:4,5
DA:5,5
DA:6,5
DA:9,5
DA:11,5
DA:13,5
DA:15,5
DA:17,5
DA:20,5
DA:26,5
LF:13
LH:13
BRF:0
BRH:0
end_of_record
TN:
SF:routes\userTeamRoutes.js
FNF:0
FNH:0
DA:1,5
DA:2,5
DA:3,5
DA:5,5
DA:6,5
DA:7,5
DA:8,5
DA:9,5
DA:11,5
LF:9
LH:9
BRF:0
BRH:0
end_of_record
TN:
SF:services\authService.js
FN:6,(anonymous_0)
FN:57,(anonymous_1)
FNF:2
FNH:2
FNDA:5,(anonymous_0)
FNDA:10,(anonymous_1)
DA:1,5
DA:2,5
DA:3,5
DA:6,5
DA:23,5
DA:25,5
DA:27,5
DA:44,5
DA:46,5
DA:57,5
DA:59,10
DA:63,10
DA:64,2
DA:68,8
DA:74,8
DA:77,5
LF:16
LH:16
BRDA:22,0,0,5
BRDA:63,1,0,2
BRDA:63,1,1,8
BRDA:63,2,0,10
BRDA:63,2,1,9
BRF:5
BRH:5
end_of_record
TN:
SF:services\organizationService.js
FN:3,(anonymous_0)
FN:7,(anonymous_1)
FN:11,(anonymous_2)
FN:25,(anonymous_3)
FN:42,(anonymous_4)
FNF:5
FNH:5
FNDA:1,(anonymous_0)
FNDA:4,(anonymous_1)
FNDA:1,(anonymous_2)
FNDA:1,(anonymous_3)
FNDA:1,(anonymous_4)
DA:1,5
DA:3,5
DA:4,1
DA:7,5
DA:8,4
DA:11,5
DA:12,1
DA:22,1
DA:25,5
DA:26,1
DA:36,1
DA:37,1
DA:39,0
DA:42,5
DA:43,1
DA:44,1
DA:47,5
LF:17
LH:16
BRDA:36,0,0,1
BRDA:36,0,1,0
BRF:2
BRH:1
end_of_record
TN:
SF:services\teamService.js
FN:3,(anonymous_0)
FN:7,(anonymous_1)
FN:11,(anonymous_2)
FN:21,(anonymous_3)
FN:34,(anonymous_4)
FNF:5
FNH:4
FNDA:1,(anonymous_0)
FNDA:1,(anonymous_1)
FNDA:1,(anonymous_2)
FNDA:0,(anonymous_3)
FNDA:1,(anonymous_4)
DA:1,5
DA:3,5
DA:4,1
DA:7,5
DA:8,1
DA:11,5
DA:12,1
DA:18,1
DA:21,5
DA:22,0
DA:28,0
DA:29,0
DA:31,0
DA:34,5
DA:35,1
DA:36,1
DA:39,5
LF:17
LH:13
BRDA:28,0,0,0
BRDA:28,0,1,0
BRF:2
BRH:0
end_of_record
TN:
SF:services\tournamentService.js
FN:4,(anonymous_0)
FN:8,(anonymous_1)
FN:12,(anonymous_2)
FN:33,(anonymous_3)
FN:57,(anonymous_4)
FN:63,(anonymous_5)
FN:84,(anonymous_6)
FN:154,(anonymous_7)
FNF:8
FNH:8
FNDA:1,(anonymous_0)
FNDA:3,(anonymous_1)
FNDA:1,(anonymous_2)
FNDA:1,(anonymous_3)
FNDA:1,(anonymous_4)
FNDA:1,(anonymous_5)
FNDA:3,(anonymous_6)
FNDA:1,(anonymous_7)
DA:1,5
DA:2,5
DA:4,5
DA:5,1
DA:8,5
DA:9,3
DA:12,5
DA:13,1
DA:30,1
DA:33,5
DA:34,1
DA:51,1
DA:52,1
DA:54,0
DA:57,5
DA:58,1
DA:59,1
DA:63,5
DA:65,1
DA:75,1
DA:76,0
DA:80,1
DA:84,5
DA:90,3
DA:91,3
DA:99,3
DA:102,3
DA:104,0
DA:108,3
DA:111,3
DA:113,0
DA:117,3
DA:118,3
DA:120,1
DA:121,1
DA:125,2
DA:135,2
DA:138,2
DA:139,2
DA:147,2
DA:149,0
DA:150,0
DA:154,5
DA:160,1
DA:161,1
DA:169,1
DA:172,1
DA:173,0
DA:177,0
DA:181,1
DA:182,1
DA:188,1
DA:199,1
DA:201,1
DA:205,1
DA:210,0
DA:211,0
DA:215,5
LF:58
LH:48
BRDA:51,0,0,1
BRDA:51,0,1,0
BRDA:75,1,0,0
BRDA:75,1,1,1
BRDA:75,2,0,1
BRDA:75,2,1,1
BRDA:102,3,0,0
BRDA:102,3,1,3
BRDA:111,4,0,0
BRDA:111,4,1,3
BRDA:138,5,0,2
BRDA:138,5,1,0
BRDA:172,6,0,0
BRDA:172,6,1,1
BRDA:199,7,0,1
BRDA:199,7,1,0
BRF:16
BRH:9
end_of_record
TN:
SF:services\userOrganizationService.js
FN:3,(anonymous_0)
FN:7,(anonymous_1)
FN:11,(anonymous_2)
FN:21,(anonymous_3)
FN:34,(anonymous_4)
FNF:5
FNH:0
FNDA:0,(anonymous_0)
FNDA:0,(anonymous_1)
FNDA:0,(anonymous_2)
FNDA:0,(anonymous_3)
FNDA:0,(anonymous_4)
DA:1,5
DA:3,5
DA:4,0
DA:7,5
DA:8,0
DA:11,5
DA:12,0
DA:18,0
DA:21,5
DA:22,0
DA:28,0
DA:29,0
DA:31,0
DA:34,5
DA:35,0
DA:36,0
DA:39,5
LF:17
LH:7
BRDA:28,0,0,0
BRDA:28,0,1,0
BRF:2
BRH:0
end_of_record
TN:
SF:services\userService.js
FN:4,(anonymous_0)
FN:8,(anonymous_1)
FN:12,(anonymous_2)
FN:50,(anonymous_3)
FN:78,(anonymous_4)
FN:84,(anonymous_5)
FNF:6
FNH:4
FNDA:0,(anonymous_0)
FNDA:2,(anonymous_1)
FNDA:4,(anonymous_2)
FNDA:1,(anonymous_3)
FNDA:0,(anonymous_4)
FNDA:1,(anonymous_5)
DA:1,5
DA:2,5
DA:4,5
DA:5,0
DA:8,5
DA:9,2
DA:12,5
DA:13,4
DA:15,4
DA:16,0
DA:19,4
DA:20,4
DA:41,2
DA:43,2
DA:44,2
DA:46,0
DA:50,5
DA:51,1
DA:72,1
DA:73,1
DA:75,0
DA:78,5
DA:79,0
DA:80,0
DA:84,5
DA:86,1
DA:91,1
DA:94,5
LF:28
LH:22
BRDA:15,0,0,0
BRDA:15,0,1,4
BRDA:43,1,0,2
BRDA:43,1,1,0
BRDA:72,2,0,1
BRDA:72,2,1,0
BRF:6
BRH:3
end_of_record
TN:
SF:services\userTeamService.js
FN:3,(anonymous_0)
FN:7,(anonymous_1)
FN:11,(anonymous_2)
FN:20,(anonymous_3)
FN:32,(anonymous_4)
FNF:5
FNH:0
FNDA:0,(anonymous_0)
FNDA:0,(anonymous_1)
FNDA:0,(anonymous_2)
FNDA:0,(anonymous_3)
FNDA:0,(anonymous_4)
DA:1,5
DA:3,5
DA:4,0
DA:7,5
DA:8,0
DA:11,5
DA:12,0
DA:17,0
DA:20,5
DA:21,0
DA:26,0
DA:27,0
DA:29,0
DA:32,5
DA:33,0
DA:34,0
DA:37,5
LF:17
LH:7
BRDA:26,0,0,0
BRDA:26,0,1,0
BRF:2
BRH:0
end_of_record
TN:
SF:tests\testUtils.js
FN:4,(anonymous_0)
FN:12,(anonymous_1)
FN:22,(anonymous_2)
FN:33,(anonymous_3)
FN:44,(anonymous_4)
FN:70,(anonymous_5)
FN:92,(anonymous_6)
FNF:7
FNH:3
FNDA:5,(anonymous_0)
FNDA:7,(anonymous_1)
FNDA:0,(anonymous_2)
FNDA:0,(anonymous_3)
FNDA:4,(anonymous_4)
FNDA:0,(anonymous_5)
FNDA:0,(anonymous_6)
DA:1,5
DA:2,5
DA:4,5
DA:5,5
DA:6,5
DA:7,0
DA:9,5
DA:12,5
DA:13,7
DA:16,7
DA:17,0
DA:19,7
DA:22,5
DA:23,0
DA:27,0
DA:28,0
DA:30,0
DA:33,5
DA:34,0
DA:38,0
DA:39,0
DA:41,0
DA:44,5
DA:45,4
DA:46,4
DA:61,4
DA:63,4
DA:65,4
DA:67,4
DA:70,5
DA:71,0
DA:85,0
DA:87,0
DA:89,0
DA:92,5
DA:93,0
DA:103,0
DA:105,0
DA:107,0
DA:110,5
LF:40
LH:22
BRDA:6,0,0,0
BRDA:6,0,1,5
BRDA:16,1,0,0
BRDA:16,1,1,7
BRDA:27,2,0,0
BRDA:27,2,1,0
BRDA:38,3,0,0
BRDA:38,3,1,0
BRDA:44,4,0,4
BRDA:61,5,0,4
BRDA:61,5,1,4
BRDA:70,6,0,0
BRDA:85,7,0,0
BRDA:85,7,1,0
BRDA:92,8,0,0
BRDA:103,9,0,0
BRDA:103,9,1,0
BRF:17
BRH:5
end_of_record
TN:
SF:utils\asyncHandler.js
FN:1,(anonymous_0)
FN:1,(anonymous_1)
FNF:2
FNH:2
FNDA:70,(anonymous_0)
FNDA:17,(anonymous_1)
DA:1,70
DA:2,17
DA:5,5
LF:3
LH:3
BRF:0
BRH:0
end_of_record
TN:
SF:utils\validation.js
FN:3,(anonymous_0)
FN:55,(anonymous_1)
FNF:2
FNH:2
FNDA:12,(anonymous_0)
FNDA:3,(anonymous_1)
DA:1,5
DA:3,5
DA:4,12
DA:14,12
DA:16,12
DA:17,0
DA:20,12
DA:21,0
DA:24,12
DA:25,1
DA:27,11
DA:28,11
DA:29,1
DA:33,12
DA:34,9
DA:35,9
DA:36,1
DA:40,12
DA:41,9
DA:42,9
DA:43,1
DA:47,12
DA:48,0
DA:51,12
DA:55,5
DA:59,3
DA:63,3
DA:64,1
DA:68,1
DA:75,5
LF:30
LH:27
BRDA:16,0,0,0
BRDA:16,0,1,12
BRDA:20,1,0,0
BRDA:20,1,1,12
BRDA:24,2,0,1
BRDA:24,2,1,11
BRDA:28,3,0,1
BRDA:28,3,1,10
BRDA:33,4,0,9
BRDA:33,4,1,3
BRDA:35,5,0,1
BRDA:35,5,1,8
BRDA:40,6,0,9
BRDA:40,6,1,3
BRDA:42,7,0,1
BRDA:42,7,1,8
BRDA:47,8,0,0
BRDA:47,8,1,12
BRDA:47,9,0,12
BRDA:47,9,1,6
BRDA:63,10,0,1
BRDA:63,10,1,2
BRF:22
BRH:19
end_of_record
